Mensaje I / 00:00:00:000 / Root(00) para top(01)
Mensaje I / 00:00:00:000 / top(01) para heatcond(02)
Mensaje I / 00:00:00:000 / heatcond(02) para heatcond(0,0)(03)
Mensaje I / 00:00:00:000 / heatcond(02) para heatcond(0,1)(04)
Mensaje I / 00:00:00:000 / heatcond(02) para heatcond(0,2)(05)
Mensaje I / 00:00:00:000 / heatcond(02) para heatcond(0,3)(06)
Mensaje I / 00:00:00:000 / heatcond(02) para heatcond(0,4)(07)
Mensaje I / 00:00:00:000 / heatcond(02) para heatcond(1,0)(08)
Mensaje I / 00:00:00:000 / heatcond(02) para heatcond(1,1)(09)
Mensaje I / 00:00:00:000 / heatcond(02) para heatcond(1,2)(10)
Mensaje I / 00:00:00:000 / heatcond(02) para heatcond(1,3)(11)
Mensaje I / 00:00:00:000 / heatcond(02) para heatcond(1,4)(12)
Mensaje D / 00:00:00:000 / heatcond(0,0)(03) / ... para heatcond(02)
Mensaje D / 00:00:00:000 / heatcond(0,1)(04) / ... para heatcond(02)
Mensaje D / 00:00:00:000 / heatcond(0,2)(05) / ... para heatcond(02)
Mensaje D / 00:00:00:000 / heatcond(0,3)(06) / ... para heatcond(02)
Mensaje D / 00:00:00:000 / heatcond(0,4)(07) / ... para heatcond(02)
Mensaje D / 00:00:00:000 / heatcond(1,0)(08) / ... para heatcond(02)
Mensaje D / 00:00:00:000 / heatcond(1,1)(09) / 00:00:00:001 para heatcond(02)
Mensaje D / 00:00:00:000 / heatcond(1,2)(10) / ... para heatcond(02)
Mensaje D / 00:00:00:000 / heatcond(1,3)(11) / 00:00:00:001 para heatcond(02)
Mensaje D / 00:00:00:000 / heatcond(1,4)(12) / ... para heatcond(02)
Mensaje D / 00:00:00:000 / heatcond(02) / 00:00:00:001 para top(01)
Mensaje D / 00:00:00:000 / top(01) / 00:00:00:001 para Root(00)
Mensaje * / 00:00:00:001 / Root(00) para top(01)
Mensaje * / 00:00:00:001 / top(01) para heatcond(02)
Mensaje * / 00:00:00:001 / heatcond(02) para heatcond(1,1)(09)
Mensaje * / 00:00:00:001 / heatcond(02) para heatcond(1,3)(11)
Mensaje Y / 00:00:00:001 / heatcond(1,1)(09) / out /  -1949.99997 para heatcond(02)
Mensaje D / 00:00:00:001 / heatcond(1,1)(09) / ... para heatcond(02)
Mensaje Y / 00:00:00:001 / heatcond(1,3)(11) / out /  -1112.49998 para heatcond(02)
Mensaje D / 00:00:00:001 / heatcond(1,3)(11) / ... para heatcond(02)
Mensaje X / 00:00:00:001 / heatcond(02) / neighborchange /  -1949.99997 para heatcond(1,0)(08)
Mensaje X / 00:00:00:001 / heatcond(02) / neighborchange /  -1949.99997 para heatcond(1,1)(09)
Mensaje X / 00:00:00:001 / heatcond(02) / neighborchange /  -1949.99997 para heatcond(1,2)(10)
Mensaje X / 00:00:00:001 / heatcond(02) / neighborchange /  -1112.49998 para heatcond(1,3)(11)
Mensaje X / 00:00:00:001 / heatcond(02) / neighborchange /  -1112.49998 para heatcond(1,4)(12)
Mensaje D / 00:00:00:001 / heatcond(1,0)(08) / ... para heatcond(02)
Mensaje D / 00:00:00:001 / heatcond(1,1)(09) / ... para heatcond(02)
Mensaje D / 00:00:00:001 / heatcond(1,2)(10) / 00:00:00:001 para heatcond(02)
Mensaje D / 00:00:00:001 / heatcond(1,3)(11) / ... para heatcond(02)
Mensaje D / 00:00:00:001 / heatcond(1,4)(12) / ... para heatcond(02)
Mensaje D / 00:00:00:001 / heatcond(02) / 00:00:00:001 para top(01)
Mensaje D / 00:00:00:001 / top(01) / 00:00:00:001 para Root(00)
Mensaje * / 00:00:00:002 / Root(00) para top(01)
Mensaje * / 00:00:00:002 / top(01) para heatcond(02)
Mensaje * / 00:00:00:002 / heatcond(02) para heatcond(1,2)(10)
Mensaje Y / 00:00:00:002 / heatcond(1,2)(10) / out /  -1321.87497 para heatcond(02)
Mensaje D / 00:00:00:002 / heatcond(1,2)(10) / ... para heatcond(02)
Mensaje X / 00:00:00:002 / heatcond(02) / neighborchange /  -1321.87497 para heatcond(1,1)(09)
Mensaje X / 00:00:00:002 / heatcond(02) / neighborchange /  -1321.87497 para heatcond(1,2)(10)
Mensaje X / 00:00:00:002 / heatcond(02) / neighborchange /  -1321.87497 para heatcond(1,3)(11)
Mensaje D / 00:00:00:002 / heatcond(1,1)(09) / 00:00:00:001 para heatcond(02)
Mensaje D / 00:00:00:002 / heatcond(1,2)(10) / ... para heatcond(02)
Mensaje D / 00:00:00:002 / heatcond(1,3)(11) / 00:00:00:001 para heatcond(02)
Mensaje D / 00:00:00:002 / heatcond(02) / 00:00:00:001 para top(01)
Mensaje D / 00:00:00:002 / top(01) / 00:00:00:001 para Root(00)
Mensaje * / 00:00:00:003 / Root(00) para top(01)
Mensaje * / 00:00:00:003 / top(01) para heatcond(02)
Mensaje * / 00:00:00:003 / heatcond(02) para heatcond(1,1)(09)
Mensaje * / 00:00:00:003 / heatcond(02) para heatcond(1,3)(11)
Mensaje Y / 00:00:00:003 / heatcond(1,1)(09) / out /   -729.54542 para heatcond(02)
Mensaje D / 00:00:00:003 / heatcond(1,1)(09) / ... para heatcond(02)
Mensaje Y / 00:00:00:003 / heatcond(1,3)(11) / out /   -483.20310 para heatcond(02)
Mensaje D / 00:00:00:003 / heatcond(1,3)(11) / ... para heatcond(02)
Mensaje X / 00:00:00:003 / heatcond(02) / neighborchange /   -729.54542 para heatcond(1,0)(08)
Mensaje X / 00:00:00:003 / heatcond(02) / neighborchange /   -729.54542 para heatcond(1,1)(09)
Mensaje X / 00:00:00:003 / heatcond(02) / neighborchange /   -729.54542 para heatcond(1,2)(10)
Mensaje X / 00:00:00:003 / heatcond(02) / neighborchange /   -483.20310 para heatcond(1,3)(11)
Mensaje X / 00:00:00:003 / heatcond(02) / neighborchange /   -483.20310 para heatcond(1,4)(12)
Mensaje D / 00:00:00:003 / heatcond(1,0)(08) / ... para heatcond(02)
Mensaje D / 00:00:00:003 / heatcond(1,1)(09) / ... para heatcond(02)
Mensaje D / 00:00:00:003 / heatcond(1,2)(10) / 00:00:00:001 para heatcond(02)
Mensaje D / 00:00:00:003 / heatcond(1,3)(11) / ... para heatcond(02)
Mensaje D / 00:00:00:003 / heatcond(1,4)(12) / ... para heatcond(02)
Mensaje D / 00:00:00:003 / heatcond(02) / 00:00:00:001 para top(01)
Mensaje D / 00:00:00:003 / top(01) / 00:00:00:001 para Root(00)
Mensaje * / 00:00:00:004 / Root(00) para top(01)
Mensaje * / 00:00:00:004 / top(01) para heatcond(02)
Mensaje * / 00:00:00:004 / heatcond(02) para heatcond(1,2)(10)
Mensaje Y / 00:00:00:004 / heatcond(1,2)(10) / out /   -544.78868 para heatcond(02)
Mensaje D / 00:00:00:004 / heatcond(1,2)(10) / ... para heatcond(02)
Mensaje X / 00:00:00:004 / heatcond(02) / neighborchange /   -544.78868 para heatcond(1,1)(09)
Mensaje X / 00:00:00:004 / heatcond(02) / neighborchange /   -544.78868 para heatcond(1,2)(10)
Mensaje X / 00:00:00:004 / heatcond(02) / neighborchange /   -544.78868 para heatcond(1,3)(11)
Mensaje D / 00:00:00:004 / heatcond(1,1)(09) / 00:00:00:001 para heatcond(02)
Mensaje D / 00:00:00:004 / heatcond(1,2)(10) / ... para heatcond(02)
Mensaje D / 00:00:00:004 / heatcond(1,3)(11) / 00:00:00:001 para heatcond(02)
Mensaje D / 00:00:00:004 / heatcond(02) / 00:00:00:001 para top(01)
Mensaje D / 00:00:00:004 / top(01) / 00:00:00:001 para Root(00)
Mensaje * / 00:00:00:005 / Root(00) para top(01)
Mensaje * / 00:00:00:005 / top(01) para heatcond(02)
Mensaje * / 00:00:00:005 / heatcond(02) para heatcond(1,1)(09)
Mensaje * / 00:00:00:005 / heatcond(02) para heatcond(1,3)(11)
Mensaje Y / 00:00:00:005 / heatcond(1,1)(09) / out /   -164.39176 para heatcond(02)
Mensaje D / 00:00:00:005 / heatcond(1,1)(09) / ... para heatcond(02)
Mensaje Y / 00:00:00:005 / heatcond(1,3)(11) / out /   -191.79575 para heatcond(02)
Mensaje D / 00:00:00:005 / heatcond(1,3)(11) / ... para heatcond(02)
Mensaje X / 00:00:00:005 / heatcond(02) / neighborchange /   -164.39176 para heatcond(1,0)(08)
Mensaje X / 00:00:00:005 / heatcond(02) / neighborchange /   -164.39176 para heatcond(1,1)(09)
Mensaje X / 00:00:00:005 / heatcond(02) / neighborchange /   -164.39176 para heatcond(1,2)(10)
Mensaje X / 00:00:00:005 / heatcond(02) / neighborchange /   -191.79575 para heatcond(1,3)(11)
Mensaje X / 00:00:00:005 / heatcond(02) / neighborchange /   -191.79575 para heatcond(1,4)(12)
Mensaje D / 00:00:00:005 / heatcond(1,0)(08) / ... para heatcond(02)
Mensaje D / 00:00:00:005 / heatcond(1,1)(09) / ... para heatcond(02)
Mensaje D / 00:00:00:005 / heatcond(1,2)(10) / 00:00:00:001 para heatcond(02)
Mensaje D / 00:00:00:005 / heatcond(1,3)(11) / ... para heatcond(02)
Mensaje D / 00:00:00:005 / heatcond(1,4)(12) / ... para heatcond(02)
Mensaje D / 00:00:00:005 / heatcond(02) / 00:00:00:001 para top(01)
Mensaje D / 00:00:00:005 / top(01) / 00:00:00:001 para Root(00)
Mensaje * / 00:00:00:006 / Root(00) para top(01)
Mensaje * / 00:00:00:006 / top(01) para heatcond(02)
Mensaje * / 00:00:00:006 / heatcond(02) para heatcond(1,2)(10)
Mensaje Y / 00:00:00:006 / heatcond(1,2)(10) / out /   -184.94475 para heatcond(02)
Mensaje D / 00:00:00:006 / heatcond(1,2)(10) / ... para heatcond(02)
Mensaje X / 00:00:00:006 / heatcond(02) / neighborchange /   -184.94475 para heatcond(1,1)(09)
Mensaje X / 00:00:00:006 / heatcond(02) / neighborchange /   -184.94475 para heatcond(1,2)(10)
Mensaje X / 00:00:00:006 / heatcond(02) / neighborchange /   -184.94475 para heatcond(1,3)(11)
Mensaje D / 00:00:00:006 / heatcond(1,1)(09) / 00:00:00:001 para heatcond(02)
Mensaje D / 00:00:00:006 / heatcond(1,2)(10) / ... para heatcond(02)
Mensaje D / 00:00:00:006 / heatcond(1,3)(11) / 00:00:00:001 para heatcond(02)
Mensaje D / 00:00:00:006 / heatcond(02) / 00:00:00:001 para top(01)
Mensaje D / 00:00:00:006 / top(01) / 00:00:00:001 para Root(00)
Mensaje * / 00:00:00:007 / Root(00) para top(01)
Mensaje * / 00:00:00:007 / top(01) para heatcond(02)
Mensaje * / 00:00:00:007 / heatcond(02) para heatcond(1,1)(09)
Mensaje * / 00:00:00:007 / heatcond(02) para heatcond(1,3)(11)
Mensaje Y / 00:00:00:007 / heatcond(1,1)(09) / out /     97.31291 para heatcond(02)
Mensaje D / 00:00:00:007 / heatcond(1,1)(09) / ... para heatcond(02)
Mensaje Y / 00:00:00:007 / heatcond(1,3)(11) / out /    -56.85428 para heatcond(02)
Mensaje D / 00:00:00:007 / heatcond(1,3)(11) / ... para heatcond(02)
Mensaje X / 00:00:00:007 / heatcond(02) / neighborchange /     97.31291 para heatcond(1,0)(08)
Mensaje X / 00:00:00:007 / heatcond(02) / neighborchange /     97.31291 para heatcond(1,1)(09)
Mensaje X / 00:00:00:007 / heatcond(02) / neighborchange /     97.31291 para heatcond(1,2)(10)
Mensaje X / 00:00:00:007 / heatcond(02) / neighborchange /    -56.85428 para heatcond(1,3)(11)
Mensaje X / 00:00:00:007 / heatcond(02) / neighborchange /    -56.85428 para heatcond(1,4)(12)
Mensaje D / 00:00:00:007 / heatcond(1,0)(08) / ... para heatcond(02)
Mensaje D / 00:00:00:007 / heatcond(1,1)(09) / ... para heatcond(02)
Mensaje D / 00:00:00:007 / heatcond(1,2)(10) / 00:00:00:001 para heatcond(02)
Mensaje D / 00:00:00:007 / heatcond(1,3)(11) / ... para heatcond(02)
Mensaje D / 00:00:00:007 / heatcond(1,4)(12) / ... para heatcond(02)
Mensaje D / 00:00:00:007 / heatcond(02) / 00:00:00:001 para top(01)
Mensaje D / 00:00:00:007 / top(01) / 00:00:00:001 para Root(00)
Mensaje * / 00:00:00:008 / Root(00) para top(01)
Mensaje * / 00:00:00:008 / top(01) para heatcond(02)
Mensaje * / 00:00:00:008 / heatcond(02) para heatcond(1,2)(10)
Mensaje Y / 00:00:00:008 / heatcond(1,2)(10) / out /    -18.31248 para heatcond(02)
Mensaje D / 00:00:00:008 / heatcond(1,2)(10) / ... para heatcond(02)
Mensaje X / 00:00:00:008 / heatcond(02) / neighborchange /    -18.31248 para heatcond(1,1)(09)
Mensaje X / 00:00:00:008 / heatcond(02) / neighborchange /    -18.31248 para heatcond(1,2)(10)
Mensaje X / 00:00:00:008 / heatcond(02) / neighborchange /    -18.31248 para heatcond(1,3)(11)
Mensaje D / 00:00:00:008 / heatcond(1,1)(09) / 00:00:00:001 para heatcond(02)
Mensaje D / 00:00:00:008 / heatcond(1,2)(10) / ... para heatcond(02)
Mensaje D / 00:00:00:008 / heatcond(1,3)(11) / 00:00:00:001 para heatcond(02)
Mensaje D / 00:00:00:008 / heatcond(02) / 00:00:00:001 para top(01)
Mensaje D / 00:00:00:008 / top(01) / 00:00:00:001 para Root(00)
Mensaje * / 00:00:00:009 / Root(00) para top(01)
Mensaje * / 00:00:00:009 / top(01) para heatcond(02)
Mensaje * / 00:00:00:009 / heatcond(02) para heatcond(1,1)(09)
Mensaje * / 00:00:00:009 / heatcond(02) para heatcond(1,3)(11)
Mensaje Y / 00:00:00:009 / heatcond(1,1)(09) / out /    218.50002 para heatcond(02)
Mensaje D / 00:00:00:009 / heatcond(1,1)(09) / ... para heatcond(02)
Mensaje Y / 00:00:00:009 / heatcond(1,3)(11) / out /      5.63282 para heatcond(02)
Mensaje D / 00:00:00:009 / heatcond(1,3)(11) / ... para heatcond(02)
Mensaje X / 00:00:00:009 / heatcond(02) / neighborchange /    218.50002 para heatcond(1,0)(08)
Mensaje X / 00:00:00:009 / heatcond(02) / neighborchange /    218.50002 para heatcond(1,1)(09)
Mensaje X / 00:00:00:009 / heatcond(02) / neighborchange /    218.50002 para heatcond(1,2)(10)
Mensaje X / 00:00:00:009 / heatcond(02) / neighborchange /      5.63282 para heatcond(1,3)(11)
Mensaje X / 00:00:00:009 / heatcond(02) / neighborchange /      5.63282 para heatcond(1,4)(12)
Mensaje D / 00:00:00:009 / heatcond(1,0)(08) / ... para heatcond(02)
Mensaje D / 00:00:00:009 / heatcond(1,1)(09) / ... para heatcond(02)
Mensaje D / 00:00:00:009 / heatcond(1,2)(10) / 00:00:00:001 para heatcond(02)
Mensaje D / 00:00:00:009 / heatcond(1,3)(11) / ... para heatcond(02)
Mensaje D / 00:00:00:009 / heatcond(1,4)(12) / ... para heatcond(02)
Mensaje D / 00:00:00:009 / heatcond(02) / 00:00:00:001 para top(01)
Mensaje D / 00:00:00:009 / top(01) / 00:00:00:001 para Root(00)
Mensaje * / 00:00:00:010 / Root(00) para top(01)
Mensaje * / 00:00:00:010 / top(01) para heatcond(02)
Mensaje * / 00:00:00:010 / heatcond(02) para heatcond(1,2)(10)
Mensaje Y / 00:00:00:010 / heatcond(1,2)(10) / out /     58.84962 para heatcond(02)
Mensaje D / 00:00:00:010 / heatcond(1,2)(10) / ... para heatcond(02)
Mensaje X / 00:00:00:010 / heatcond(02) / neighborchange /     58.84962 para heatcond(1,1)(09)
Mensaje X / 00:00:00:010 / heatcond(02) / neighborchange /     58.84962 para heatcond(1,2)(10)
Mensaje X / 00:00:00:010 / heatcond(02) / neighborchange /     58.84962 para heatcond(1,3)(11)
Mensaje D / 00:00:00:010 / heatcond(1,1)(09) / 00:00:00:001 para heatcond(02)
Mensaje D / 00:00:00:010 / heatcond(1,2)(10) / ... para heatcond(02)
Mensaje D / 00:00:00:010 / heatcond(1,3)(11) / 00:00:00:001 para heatcond(02)
Mensaje D / 00:00:00:010 / heatcond(02) / 00:00:00:001 para top(01)
Mensaje D / 00:00:00:010 / top(01) / 00:00:00:001 para Root(00)
Mensaje * / 00:00:00:011 / Root(00) para top(01)
Mensaje * / 00:00:00:011 / top(01) para heatcond(02)
Mensaje * / 00:00:00:011 / heatcond(02) para heatcond(1,1)(09)
Mensaje * / 00:00:00:011 / heatcond(02) para heatcond(1,3)(11)
Mensaje Y / 00:00:00:011 / heatcond(1,1)(09) / out /    274.61791 para heatcond(02)
Mensaje D / 00:00:00:011 / heatcond(1,1)(09) / ... para heatcond(02)
Mensaje Y / 00:00:00:011 / heatcond(1,3)(11) / out /     34.56861 para heatcond(02)
Mensaje D / 00:00:00:011 / heatcond(1,3)(11) / ... para heatcond(02)
Mensaje X / 00:00:00:011 / heatcond(02) / neighborchange /    274.61791 para heatcond(1,0)(08)
Mensaje X / 00:00:00:011 / heatcond(02) / neighborchange /    274.61791 para heatcond(1,1)(09)
Mensaje X / 00:00:00:011 / heatcond(02) / neighborchange /    274.61791 para heatcond(1,2)(10)
Mensaje X / 00:00:00:011 / heatcond(02) / neighborchange /     34.56861 para heatcond(1,3)(11)
Mensaje X / 00:00:00:011 / heatcond(02) / neighborchange /     34.56861 para heatcond(1,4)(12)
Mensaje D / 00:00:00:011 / heatcond(1,0)(08) / ... para heatcond(02)
Mensaje D / 00:00:00:011 / heatcond(1,1)(09) / ... para heatcond(02)
Mensaje D / 00:00:00:011 / heatcond(1,2)(10) / 00:00:00:001 para heatcond(02)
Mensaje D / 00:00:00:011 / heatcond(1,3)(11) / ... para heatcond(02)
Mensaje D / 00:00:00:011 / heatcond(1,4)(12) / ... para heatcond(02)
Mensaje D / 00:00:00:011 / heatcond(02) / 00:00:00:001 para top(01)
Mensaje D / 00:00:00:011 / top(01) / 00:00:00:001 para Root(00)
Mensaje * / 00:00:00:012 / Root(00) para top(01)
Mensaje * / 00:00:00:012 / top(01) para heatcond(02)
Mensaje * / 00:00:00:012 / heatcond(02) para heatcond(1,2)(10)
Mensaje Y / 00:00:00:012 / heatcond(1,2)(10) / out /     94.58093 para heatcond(02)
Mensaje D / 00:00:00:012 / heatcond(1,2)(10) / ... para heatcond(02)
Mensaje X / 00:00:00:012 / heatcond(02) / neighborchange /     94.58093 para heatcond(1,1)(09)
Mensaje X / 00:00:00:012 / heatcond(02) / neighborchange /     94.58093 para heatcond(1,2)(10)
Mensaje X / 00:00:00:012 / heatcond(02) / neighborchange /     94.58093 para heatcond(1,3)(11)
Mensaje D / 00:00:00:012 / heatcond(1,1)(09) / 00:00:00:001 para heatcond(02)
Mensaje D / 00:00:00:012 / heatcond(1,2)(10) / ... para heatcond(02)
Mensaje D / 00:00:00:012 / heatcond(1,3)(11) / 00:00:00:001 para heatcond(02)
Mensaje D / 00:00:00:012 / heatcond(02) / 00:00:00:001 para top(01)
Mensaje D / 00:00:00:012 / top(01) / 00:00:00:001 para Root(00)
Mensaje * / 00:00:00:013 / Root(00) para top(01)
Mensaje * / 00:00:00:013 / top(01) para heatcond(02)
Mensaje * / 00:00:00:013 / heatcond(02) para heatcond(1,1)(09)
Mensaje * / 00:00:00:013 / heatcond(02) para heatcond(1,3)(11)
Mensaje Y / 00:00:00:013 / heatcond(1,1)(09) / out /    300.60432 para heatcond(02)
Mensaje D / 00:00:00:013 / heatcond(1,1)(09) / ... para heatcond(02)
Mensaje Y / 00:00:00:013 / heatcond(1,3)(11) / out /     47.96785 para heatcond(02)
Mensaje D / 00:00:00:013 / heatcond(1,3)(11) / ... para heatcond(02)
Mensaje X / 00:00:00:013 / heatcond(02) / neighborchange /    300.60432 para heatcond(1,0)(08)
Mensaje X / 00:00:00:013 / heatcond(02) / neighborchange /    300.60432 para heatcond(1,1)(09)
Mensaje X / 00:00:00:013 / heatcond(02) / neighborchange /    300.60432 para heatcond(1,2)(10)
Mensaje X / 00:00:00:013 / heatcond(02) / neighborchange /     47.96785 para heatcond(1,3)(11)
Mensaje X / 00:00:00:013 / heatcond(02) / neighborchange /     47.96785 para heatcond(1,4)(12)
Mensaje D / 00:00:00:013 / heatcond(1,0)(08) / ... para heatcond(02)
Mensaje D / 00:00:00:013 / heatcond(1,1)(09) / ... para heatcond(02)
Mensaje D / 00:00:00:013 / heatcond(1,2)(10) / 00:00:00:001 para heatcond(02)
Mensaje D / 00:00:00:013 / heatcond(1,3)(11) / ... para heatcond(02)
Mensaje D / 00:00:00:013 / heatcond(1,4)(12) / ... para heatcond(02)
Mensaje D / 00:00:00:013 / heatcond(02) / 00:00:00:001 para top(01)
Mensaje D / 00:00:00:013 / top(01) / 00:00:00:001 para Root(00)
Mensaje * / 00:00:00:014 / Root(00) para top(01)
Mensaje * / 00:00:00:014 / top(01) para heatcond(02)
Mensaje * / 00:00:00:014 / heatcond(02) para heatcond(1,2)(10)
Mensaje Y / 00:00:00:014 / heatcond(1,2)(10) / out /    111.12696 para heatcond(02)
Mensaje D / 00:00:00:014 / heatcond(1,2)(10) / ... para heatcond(02)
Mensaje X / 00:00:00:014 / heatcond(02) / neighborchange /    111.12696 para heatcond(1,1)(09)
Mensaje X / 00:00:00:014 / heatcond(02) / neighborchange /    111.12696 para heatcond(1,2)(10)
Mensaje X / 00:00:00:014 / heatcond(02) / neighborchange /    111.12696 para heatcond(1,3)(11)
Mensaje D / 00:00:00:014 / heatcond(1,1)(09) / 00:00:00:001 para heatcond(02)
Mensaje D / 00:00:00:014 / heatcond(1,2)(10) / ... para heatcond(02)
Mensaje D / 00:00:00:014 / heatcond(1,3)(11) / 00:00:00:001 para heatcond(02)
Mensaje D / 00:00:00:014 / heatcond(02) / 00:00:00:001 para top(01)
Mensaje D / 00:00:00:014 / top(01) / 00:00:00:001 para Root(00)
Mensaje * / 00:00:00:015 / Root(00) para top(01)
Mensaje * / 00:00:00:015 / top(01) para heatcond(02)
Mensaje * / 00:00:00:015 / heatcond(02) para heatcond(1,1)(09)
Mensaje * / 00:00:00:015 / heatcond(02) para heatcond(1,3)(11)
Mensaje Y / 00:00:00:015 / heatcond(1,1)(09) / out /    312.63780 para heatcond(02)
Mensaje D / 00:00:00:015 / heatcond(1,1)(09) / ... para heatcond(02)
Mensaje Y / 00:00:00:015 / heatcond(1,3)(11) / out /     54.17261 para heatcond(02)
Mensaje D / 00:00:00:015 / heatcond(1,3)(11) / ... para heatcond(02)
Mensaje X / 00:00:00:015 / heatcond(02) / neighborchange /    312.63780 para heatcond(1,0)(08)
Mensaje X / 00:00:00:015 / heatcond(02) / neighborchange /    312.63780 para heatcond(1,1)(09)
Mensaje X / 00:00:00:015 / heatcond(02) / neighborchange /    312.63780 para heatcond(1,2)(10)
Mensaje X / 00:00:00:015 / heatcond(02) / neighborchange /     54.17261 para heatcond(1,3)(11)
Mensaje X / 00:00:00:015 / heatcond(02) / neighborchange /     54.17261 para heatcond(1,4)(12)
Mensaje D / 00:00:00:015 / heatcond(1,0)(08) / ... para heatcond(02)
Mensaje D / 00:00:00:015 / heatcond(1,1)(09) / ... para heatcond(02)
Mensaje D / 00:00:00:015 / heatcond(1,2)(10) / 00:00:00:001 para heatcond(02)
Mensaje D / 00:00:00:015 / heatcond(1,3)(11) / ... para heatcond(02)
Mensaje D / 00:00:00:015 / heatcond(1,4)(12) / ... para heatcond(02)
Mensaje D / 00:00:00:015 / heatcond(02) / 00:00:00:001 para top(01)
Mensaje D / 00:00:00:015 / top(01) / 00:00:00:001 para Root(00)
Mensaje * / 00:00:00:016 / Root(00) para top(01)
Mensaje * / 00:00:00:016 / top(01) para heatcond(02)
Mensaje * / 00:00:00:016 / heatcond(02) para heatcond(1,2)(10)
Mensaje Y / 00:00:00:016 / heatcond(1,2)(10) / out /    118.78891 para heatcond(02)
Mensaje D / 00:00:00:016 / heatcond(1,2)(10) / ... para heatcond(02)
Mensaje X / 00:00:00:016 / heatcond(02) / neighborchange /    118.78891 para heatcond(1,1)(09)
Mensaje X / 00:00:00:016 / heatcond(02) / neighborchange /    118.78891 para heatcond(1,2)(10)
Mensaje X / 00:00:00:016 / heatcond(02) / neighborchange /    118.78891 para heatcond(1,3)(11)
Mensaje D / 00:00:00:016 / heatcond(1,1)(09) / 00:00:00:001 para heatcond(02)
Mensaje D / 00:00:00:016 / heatcond(1,2)(10) / ... para heatcond(02)
Mensaje D / 00:00:00:016 / heatcond(1,3)(11) / 00:00:00:001 para heatcond(02)
Mensaje D / 00:00:00:016 / heatcond(02) / 00:00:00:001 para top(01)
Mensaje D / 00:00:00:016 / top(01) / 00:00:00:001 para Root(00)
Mensaje * / 00:00:00:017 / Root(00) para top(01)
Mensaje * / 00:00:00:017 / top(01) para heatcond(02)
Mensaje * / 00:00:00:017 / heatcond(02) para heatcond(1,1)(09)
Mensaje * / 00:00:00:017 / heatcond(02) para heatcond(1,3)(11)
Mensaje Y / 00:00:00:017 / heatcond(1,1)(09) / out /    318.21012 para heatcond(02)
Mensaje D / 00:00:00:017 / heatcond(1,1)(09) / ... para heatcond(02)
Mensaje Y / 00:00:00:017 / heatcond(1,3)(11) / out /     57.04584 para heatcond(02)
Mensaje D / 00:00:00:017 / heatcond(1,3)(11) / ... para heatcond(02)
Mensaje X / 00:00:00:017 / heatcond(02) / neighborchange /    318.21012 para heatcond(1,0)(08)
Mensaje X / 00:00:00:017 / heatcond(02) / neighborchange /    318.21012 para heatcond(1,1)(09)
Mensaje X / 00:00:00:017 / heatcond(02) / neighborchange /    318.21012 para heatcond(1,2)(10)
Mensaje X / 00:00:00:017 / heatcond(02) / neighborchange /     57.04584 para heatcond(1,3)(11)
Mensaje X / 00:00:00:017 / heatcond(02) / neighborchange /     57.04584 para heatcond(1,4)(12)
Mensaje D / 00:00:00:017 / heatcond(1,0)(08) / ... para heatcond(02)
Mensaje D / 00:00:00:017 / heatcond(1,1)(09) / ... para heatcond(02)
Mensaje D / 00:00:00:017 / heatcond(1,2)(10) / 00:00:00:001 para heatcond(02)
Mensaje D / 00:00:00:017 / heatcond(1,3)(11) / ... para heatcond(02)
Mensaje D / 00:00:00:017 / heatcond(1,4)(12) / ... para heatcond(02)
Mensaje D / 00:00:00:017 / heatcond(02) / 00:00:00:001 para top(01)
Mensaje D / 00:00:00:017 / top(01) / 00:00:00:001 para Root(00)
Mensaje * / 00:00:00:018 / Root(00) para top(01)
Mensaje * / 00:00:00:018 / top(01) para heatcond(02)
Mensaje * / 00:00:00:018 / heatcond(02) para heatcond(1,2)(10)
Mensaje Y / 00:00:00:018 / heatcond(1,2)(10) / out /    122.33691 para heatcond(02)
Mensaje D / 00:00:00:018 / heatcond(1,2)(10) / ... para heatcond(02)
Mensaje X / 00:00:00:018 / heatcond(02) / neighborchange /    122.33691 para heatcond(1,1)(09)
Mensaje X / 00:00:00:018 / heatcond(02) / neighborchange /    122.33691 para heatcond(1,2)(10)
Mensaje X / 00:00:00:018 / heatcond(02) / neighborchange /    122.33691 para heatcond(1,3)(11)
Mensaje D / 00:00:00:018 / heatcond(1,1)(09) / 00:00:00:001 para heatcond(02)
Mensaje D / 00:00:00:018 / heatcond(1,2)(10) / ... para heatcond(02)
Mensaje D / 00:00:00:018 / heatcond(1,3)(11) / 00:00:00:001 para heatcond(02)
Mensaje D / 00:00:00:018 / heatcond(02) / 00:00:00:001 para top(01)
Mensaje D / 00:00:00:018 / top(01) / 00:00:00:001 para Root(00)
Mensaje * / 00:00:00:019 / Root(00) para top(01)
Mensaje * / 00:00:00:019 / top(01) para heatcond(02)
Mensaje * / 00:00:00:019 / heatcond(02) para heatcond(1,1)(09)
Mensaje * / 00:00:00:019 / heatcond(02) para heatcond(1,3)(11)
Mensaje Y / 00:00:00:019 / heatcond(1,1)(09) / out /    320.79048 para heatcond(02)
Mensaje D / 00:00:00:019 / heatcond(1,1)(09) / ... para heatcond(02)
Mensaje Y / 00:00:00:019 / heatcond(1,3)(11) / out /     58.37634 para heatcond(02)
Mensaje D / 00:00:00:019 / heatcond(1,3)(11) / ... para heatcond(02)
Mensaje X / 00:00:00:019 / heatcond(02) / neighborchange /    320.79048 para heatcond(1,0)(08)
Mensaje X / 00:00:00:019 / heatcond(02) / neighborchange /    320.79048 para heatcond(1,1)(09)
Mensaje X / 00:00:00:019 / heatcond(02) / neighborchange /    320.79048 para heatcond(1,2)(10)
Mensaje X / 00:00:00:019 / heatcond(02) / neighborchange /     58.37634 para heatcond(1,3)(11)
Mensaje X / 00:00:00:019 / heatcond(02) / neighborchange /     58.37634 para heatcond(1,4)(12)
Mensaje D / 00:00:00:019 / heatcond(1,0)(08) / ... para heatcond(02)
Mensaje D / 00:00:00:019 / heatcond(1,1)(09) / ... para heatcond(02)
Mensaje D / 00:00:00:019 / heatcond(1,2)(10) / 00:00:00:001 para heatcond(02)
Mensaje D / 00:00:00:019 / heatcond(1,3)(11) / ... para heatcond(02)
Mensaje D / 00:00:00:019 / heatcond(1,4)(12) / ... para heatcond(02)
Mensaje D / 00:00:00:019 / heatcond(02) / 00:00:00:001 para top(01)
Mensaje D / 00:00:00:019 / top(01) / 00:00:00:001 para Root(00)
Mensaje * / 00:00:00:020 / Root(00) para top(01)
Mensaje * / 00:00:00:020 / top(01) para heatcond(02)
Mensaje * / 00:00:00:020 / heatcond(02) para heatcond(1,2)(10)
Mensaje Y / 00:00:00:020 / heatcond(1,2)(10) / out /    123.97987 para heatcond(02)
Mensaje D / 00:00:00:020 / heatcond(1,2)(10) / ... para heatcond(02)
Mensaje X / 00:00:00:020 / heatcond(02) / neighborchange /    123.97987 para heatcond(1,1)(09)
Mensaje X / 00:00:00:020 / heatcond(02) / neighborchange /    123.97987 para heatcond(1,2)(10)
Mensaje X / 00:00:00:020 / heatcond(02) / neighborchange /    123.97987 para heatcond(1,3)(11)
Mensaje D / 00:00:00:020 / heatcond(1,1)(09) / 00:00:00:001 para heatcond(02)
Mensaje D / 00:00:00:020 / heatcond(1,2)(10) / ... para heatcond(02)
Mensaje D / 00:00:00:020 / heatcond(1,3)(11) / 00:00:00:001 para heatcond(02)
Mensaje D / 00:00:00:020 / heatcond(02) / 00:00:00:001 para top(01)
Mensaje D / 00:00:00:020 / top(01) / 00:00:00:001 para Root(00)
Mensaje * / 00:00:00:021 / Root(00) para top(01)
Mensaje * / 00:00:00:021 / top(01) para heatcond(02)
Mensaje * / 00:00:00:021 / heatcond(02) para heatcond(1,1)(09)
Mensaje * / 00:00:00:021 / heatcond(02) para heatcond(1,3)(11)
Mensaje Y / 00:00:00:021 / heatcond(1,1)(09) / out /    321.98537 para heatcond(02)
Mensaje D / 00:00:00:021 / heatcond(1,1)(09) / ... para heatcond(02)
Mensaje Y / 00:00:00:021 / heatcond(1,3)(11) / out /     58.99245 para heatcond(02)
Mensaje D / 00:00:00:021 / heatcond(1,3)(11) / ... para heatcond(02)
Mensaje X / 00:00:00:021 / heatcond(02) / neighborchange /    321.98537 para heatcond(1,0)(08)
Mensaje X / 00:00:00:021 / heatcond(02) / neighborchange /    321.98537 para heatcond(1,1)(09)
Mensaje X / 00:00:00:021 / heatcond(02) / neighborchange /    321.98537 para heatcond(1,2)(10)
Mensaje X / 00:00:00:021 / heatcond(02) / neighborchange /     58.99245 para heatcond(1,3)(11)
Mensaje X / 00:00:00:021 / heatcond(02) / neighborchange /     58.99245 para heatcond(1,4)(12)
Mensaje D / 00:00:00:021 / heatcond(1,0)(08) / ... para heatcond(02)
Mensaje D / 00:00:00:021 / heatcond(1,1)(09) / ... para heatcond(02)
Mensaje D / 00:00:00:021 / heatcond(1,2)(10) / 00:00:00:001 para heatcond(02)
Mensaje D / 00:00:00:021 / heatcond(1,3)(11) / ... para heatcond(02)
Mensaje D / 00:00:00:021 / heatcond(1,4)(12) / ... para heatcond(02)
Mensaje D / 00:00:00:021 / heatcond(02) / 00:00:00:001 para top(01)
Mensaje D / 00:00:00:021 / top(01) / 00:00:00:001 para Root(00)
Mensaje * / 00:00:00:022 / Root(00) para top(01)
Mensaje * / 00:00:00:022 / top(01) para heatcond(02)
Mensaje * / 00:00:00:022 / heatcond(02) para heatcond(1,2)(10)
Mensaje Y / 00:00:00:022 / heatcond(1,2)(10) / out /    124.74068 para heatcond(02)
Mensaje D / 00:00:00:022 / heatcond(1,2)(10) / ... para heatcond(02)
Mensaje X / 00:00:00:022 / heatcond(02) / neighborchange /    124.74068 para heatcond(1,1)(09)
Mensaje X / 00:00:00:022 / heatcond(02) / neighborchange /    124.74068 para heatcond(1,2)(10)
Mensaje X / 00:00:00:022 / heatcond(02) / neighborchange /    124.74068 para heatcond(1,3)(11)
Mensaje D / 00:00:00:022 / heatcond(1,1)(09) / 00:00:00:001 para heatcond(02)
Mensaje D / 00:00:00:022 / heatcond(1,2)(10) / ... para heatcond(02)
Mensaje D / 00:00:00:022 / heatcond(1,3)(11) / 00:00:00:001 para heatcond(02)
Mensaje D / 00:00:00:022 / heatcond(02) / 00:00:00:001 para top(01)
Mensaje D / 00:00:00:022 / top(01) / 00:00:00:001 para Root(00)
Mensaje * / 00:00:00:023 / Root(00) para top(01)
Mensaje * / 00:00:00:023 / top(01) para heatcond(02)
Mensaje * / 00:00:00:023 / heatcond(02) para heatcond(1,1)(09)
Mensaje * / 00:00:00:023 / heatcond(02) para heatcond(1,3)(11)
Mensaje Y / 00:00:00:023 / heatcond(1,1)(09) / out /    322.53868 para heatcond(02)
Mensaje D / 00:00:00:023 / heatcond(1,1)(09) / ... para heatcond(02)
Mensaje Y / 00:00:00:023 / heatcond(1,3)(11) / out /     59.27775 para heatcond(02)
Mensaje D / 00:00:00:023 / heatcond(1,3)(11) / ... para heatcond(02)
Mensaje X / 00:00:00:023 / heatcond(02) / neighborchange /    322.53868 para heatcond(1,0)(08)
Mensaje X / 00:00:00:023 / heatcond(02) / neighborchange /    322.53868 para heatcond(1,1)(09)
Mensaje X / 00:00:00:023 / heatcond(02) / neighborchange /    322.53868 para heatcond(1,2)(10)
Mensaje X / 00:00:00:023 / heatcond(02) / neighborchange /     59.27775 para heatcond(1,3)(11)
Mensaje X / 00:00:00:023 / heatcond(02) / neighborchange /     59.27775 para heatcond(1,4)(12)
Mensaje D / 00:00:00:023 / heatcond(1,0)(08) / ... para heatcond(02)
Mensaje D / 00:00:00:023 / heatcond(1,1)(09) / ... para heatcond(02)
Mensaje D / 00:00:00:023 / heatcond(1,2)(10) / 00:00:00:001 para heatcond(02)
Mensaje D / 00:00:00:023 / heatcond(1,3)(11) / ... para heatcond(02)
Mensaje D / 00:00:00:023 / heatcond(1,4)(12) / ... para heatcond(02)
Mensaje D / 00:00:00:023 / heatcond(02) / 00:00:00:001 para top(01)
Mensaje D / 00:00:00:023 / top(01) / 00:00:00:001 para Root(00)
Mensaje * / 00:00:00:024 / Root(00) para top(01)
Mensaje * / 00:00:00:024 / top(01) para heatcond(02)
Mensaje * / 00:00:00:024 / heatcond(02) para heatcond(1,2)(10)
Mensaje Y / 00:00:00:024 / heatcond(1,2)(10) / out /    125.09298 para heatcond(02)
Mensaje D / 00:00:00:024 / heatcond(1,2)(10) / ... para heatcond(02)
Mensaje X / 00:00:00:024 / heatcond(02) / neighborchange /    125.09298 para heatcond(1,1)(09)
Mensaje X / 00:00:00:024 / heatcond(02) / neighborchange /    125.09298 para heatcond(1,2)(10)
Mensaje X / 00:00:00:024 / heatcond(02) / neighborchange /    125.09298 para heatcond(1,3)(11)
Mensaje D / 00:00:00:024 / heatcond(1,1)(09) / 00:00:00:001 para heatcond(02)
Mensaje D / 00:00:00:024 / heatcond(1,2)(10) / ... para heatcond(02)
Mensaje D / 00:00:00:024 / heatcond(1,3)(11) / 00:00:00:001 para heatcond(02)
Mensaje D / 00:00:00:024 / heatcond(02) / 00:00:00:001 para top(01)
Mensaje D / 00:00:00:024 / top(01) / 00:00:00:001 para Root(00)
Mensaje * / 00:00:00:025 / Root(00) para top(01)
Mensaje * / 00:00:00:025 / top(01) para heatcond(02)
Mensaje * / 00:00:00:025 / heatcond(02) para heatcond(1,1)(09)
Mensaje * / 00:00:00:025 / heatcond(02) para heatcond(1,3)(11)
Mensaje Y / 00:00:00:025 / heatcond(1,1)(09) / out /    322.79490 para heatcond(02)
Mensaje D / 00:00:00:025 / heatcond(1,1)(09) / ... para heatcond(02)
Mensaje Y / 00:00:00:025 / heatcond(1,3)(11) / out /     59.40987 para heatcond(02)
Mensaje D / 00:00:00:025 / heatcond(1,3)(11) / ... para heatcond(02)
Mensaje X / 00:00:00:025 / heatcond(02) / neighborchange /    322.79490 para heatcond(1,0)(08)
Mensaje X / 00:00:00:025 / heatcond(02) / neighborchange /    322.79490 para heatcond(1,1)(09)
Mensaje X / 00:00:00:025 / heatcond(02) / neighborchange /    322.79490 para heatcond(1,2)(10)
Mensaje X / 00:00:00:025 / heatcond(02) / neighborchange /     59.40987 para heatcond(1,3)(11)
Mensaje X / 00:00:00:025 / heatcond(02) / neighborchange /     59.40987 para heatcond(1,4)(12)
Mensaje D / 00:00:00:025 / heatcond(1,0)(08) / ... para heatcond(02)
Mensaje D / 00:00:00:025 / heatcond(1,1)(09) / ... para heatcond(02)
Mensaje D / 00:00:00:025 / heatcond(1,2)(10) / 00:00:00:001 para heatcond(02)
Mensaje D / 00:00:00:025 / heatcond(1,3)(11) / ... para heatcond(02)
Mensaje D / 00:00:00:025 / heatcond(1,4)(12) / ... para heatcond(02)
Mensaje D / 00:00:00:025 / heatcond(02) / 00:00:00:001 para top(01)
Mensaje D / 00:00:00:025 / top(01) / 00:00:00:001 para Root(00)
Mensaje * / 00:00:00:026 / Root(00) para top(01)
Mensaje * / 00:00:00:026 / top(01) para heatcond(02)
Mensaje * / 00:00:00:026 / heatcond(02) para heatcond(1,2)(10)
Mensaje Y / 00:00:00:026 / heatcond(1,2)(10) / out /    125.25612 para heatcond(02)
Mensaje D / 00:00:00:026 / heatcond(1,2)(10) / ... para heatcond(02)
Mensaje X / 00:00:00:026 / heatcond(02) / neighborchange /    125.25612 para heatcond(1,1)(09)
Mensaje X / 00:00:00:026 / heatcond(02) / neighborchange /    125.25612 para heatcond(1,2)(10)
Mensaje X / 00:00:00:026 / heatcond(02) / neighborchange /    125.25612 para heatcond(1,3)(11)
Mensaje D / 00:00:00:026 / heatcond(1,1)(09) / 00:00:00:001 para heatcond(02)
Mensaje D / 00:00:00:026 / heatcond(1,2)(10) / ... para heatcond(02)
Mensaje D / 00:00:00:026 / heatcond(1,3)(11) / 00:00:00:001 para heatcond(02)
Mensaje D / 00:00:00:026 / heatcond(02) / 00:00:00:001 para top(01)
Mensaje D / 00:00:00:026 / top(01) / 00:00:00:001 para Root(00)
Mensaje * / 00:00:00:027 / Root(00) para top(01)
Mensaje * / 00:00:00:027 / top(01) para heatcond(02)
Mensaje * / 00:00:00:027 / heatcond(02) para heatcond(1,1)(09)
Mensaje * / 00:00:00:027 / heatcond(02) para heatcond(1,3)(11)
Mensaje Y / 00:00:00:027 / heatcond(1,1)(09) / out /    322.91355 para heatcond(02)
Mensaje D / 00:00:00:027 / heatcond(1,1)(09) / ... para heatcond(02)
Mensaje Y / 00:00:00:027 / heatcond(1,3)(11) / out /     59.47105 para heatcond(02)
Mensaje D / 00:00:00:027 / heatcond(1,3)(11) / ... para heatcond(02)
Mensaje X / 00:00:00:027 / heatcond(02) / neighborchange /    322.91355 para heatcond(1,0)(08)
Mensaje X / 00:00:00:027 / heatcond(02) / neighborchange /    322.91355 para heatcond(1,1)(09)
Mensaje X / 00:00:00:027 / heatcond(02) / neighborchange /    322.91355 para heatcond(1,2)(10)
Mensaje X / 00:00:00:027 / heatcond(02) / neighborchange /     59.47105 para heatcond(1,3)(11)
Mensaje X / 00:00:00:027 / heatcond(02) / neighborchange /     59.47105 para heatcond(1,4)(12)
Mensaje D / 00:00:00:027 / heatcond(1,0)(08) / ... para heatcond(02)
Mensaje D / 00:00:00:027 / heatcond(1,1)(09) / ... para heatcond(02)
Mensaje D / 00:00:00:027 / heatcond(1,2)(10) / 00:00:00:001 para heatcond(02)
Mensaje D / 00:00:00:027 / heatcond(1,3)(11) / ... para heatcond(02)
Mensaje D / 00:00:00:027 / heatcond(1,4)(12) / ... para heatcond(02)
Mensaje D / 00:00:00:027 / heatcond(02) / 00:00:00:001 para top(01)
Mensaje D / 00:00:00:027 / top(01) / 00:00:00:001 para Root(00)
Mensaje * / 00:00:00:028 / Root(00) para top(01)
Mensaje * / 00:00:00:028 / top(01) para heatcond(02)
Mensaje * / 00:00:00:028 / heatcond(02) para heatcond(1,2)(10)
Mensaje Y / 00:00:00:028 / heatcond(1,2)(10) / out /    125.33167 para heatcond(02)
Mensaje D / 00:00:00:028 / heatcond(1,2)(10) / ... para heatcond(02)
Mensaje X / 00:00:00:028 / heatcond(02) / neighborchange /    125.33167 para heatcond(1,1)(09)
Mensaje X / 00:00:00:028 / heatcond(02) / neighborchange /    125.33167 para heatcond(1,2)(10)
Mensaje X / 00:00:00:028 / heatcond(02) / neighborchange /    125.33167 para heatcond(1,3)(11)
Mensaje D / 00:00:00:028 / heatcond(1,1)(09) / 00:00:00:001 para heatcond(02)
Mensaje D / 00:00:00:028 / heatcond(1,2)(10) / ... para heatcond(02)
Mensaje D / 00:00:00:028 / heatcond(1,3)(11) / 00:00:00:001 para heatcond(02)
Mensaje D / 00:00:00:028 / heatcond(02) / 00:00:00:001 para top(01)
Mensaje D / 00:00:00:028 / top(01) / 00:00:00:001 para Root(00)
Mensaje * / 00:00:00:029 / Root(00) para top(01)
Mensaje * / 00:00:00:029 / top(01) para heatcond(02)
Mensaje * / 00:00:00:029 / heatcond(02) para heatcond(1,1)(09)
Mensaje * / 00:00:00:029 / heatcond(02) para heatcond(1,3)(11)
Mensaje Y / 00:00:00:029 / heatcond(1,1)(09) / out /    322.96849 para heatcond(02)
Mensaje D / 00:00:00:029 / heatcond(1,1)(09) / ... para heatcond(02)
Mensaje Y / 00:00:00:029 / heatcond(1,3)(11) / out /     59.49938 para heatcond(02)
Mensaje D / 00:00:00:029 / heatcond(1,3)(11) / ... para heatcond(02)
Mensaje X / 00:00:00:029 / heatcond(02) / neighborchange /    322.96849 para heatcond(1,0)(08)
Mensaje X / 00:00:00:029 / heatcond(02) / neighborchange /    322.96849 para heatcond(1,1)(09)
Mensaje X / 00:00:00:029 / heatcond(02) / neighborchange /    322.96849 para heatcond(1,2)(10)
Mensaje X / 00:00:00:029 / heatcond(02) / neighborchange /     59.49938 para heatcond(1,3)(11)
Mensaje X / 00:00:00:029 / heatcond(02) / neighborchange /     59.49938 para heatcond(1,4)(12)
Mensaje D / 00:00:00:029 / heatcond(1,0)(08) / ... para heatcond(02)
Mensaje D / 00:00:00:029 / heatcond(1,1)(09) / ... para heatcond(02)
Mensaje D / 00:00:00:029 / heatcond(1,2)(10) / 00:00:00:001 para heatcond(02)
Mensaje D / 00:00:00:029 / heatcond(1,3)(11) / ... para heatcond(02)
Mensaje D / 00:00:00:029 / heatcond(1,4)(12) / ... para heatcond(02)
Mensaje D / 00:00:00:029 / heatcond(02) / 00:00:00:001 para top(01)
Mensaje D / 00:00:00:029 / top(01) / 00:00:00:001 para Root(00)
Mensaje * / 00:00:00:030 / Root(00) para top(01)
Mensaje * / 00:00:00:030 / top(01) para heatcond(02)
Mensaje * / 00:00:00:030 / heatcond(02) para heatcond(1,2)(10)
Mensaje Y / 00:00:00:030 / heatcond(1,2)(10) / out /    125.36665 para heatcond(02)
Mensaje D / 00:00:00:030 / heatcond(1,2)(10) / ... para heatcond(02)
Mensaje X / 00:00:00:030 / heatcond(02) / neighborchange /    125.36665 para heatcond(1,1)(09)
Mensaje X / 00:00:00:030 / heatcond(02) / neighborchange /    125.36665 para heatcond(1,2)(10)
Mensaje X / 00:00:00:030 / heatcond(02) / neighborchange /    125.36665 para heatcond(1,3)(11)
Mensaje D / 00:00:00:030 / heatcond(1,1)(09) / 00:00:00:001 para heatcond(02)
Mensaje D / 00:00:00:030 / heatcond(1,2)(10) / ... para heatcond(02)
Mensaje D / 00:00:00:030 / heatcond(1,3)(11) / 00:00:00:001 para heatcond(02)
Mensaje D / 00:00:00:030 / heatcond(02) / 00:00:00:001 para top(01)
Mensaje D / 00:00:00:030 / top(01) / 00:00:00:001 para Root(00)
Mensaje * / 00:00:00:031 / Root(00) para top(01)
Mensaje * / 00:00:00:031 / top(01) para heatcond(02)
Mensaje * / 00:00:00:031 / heatcond(02) para heatcond(1,1)(09)
Mensaje * / 00:00:00:031 / heatcond(02) para heatcond(1,3)(11)
Mensaje Y / 00:00:00:031 / heatcond(1,1)(09) / out /    322.99394 para heatcond(02)
Mensaje D / 00:00:00:031 / heatcond(1,1)(09) / ... para heatcond(02)
Mensaje Y / 00:00:00:031 / heatcond(1,3)(11) / out /     59.51249 para heatcond(02)
Mensaje D / 00:00:00:031 / heatcond(1,3)(11) / ... para heatcond(02)
Mensaje X / 00:00:00:031 / heatcond(02) / neighborchange /    322.99394 para heatcond(1,0)(08)
Mensaje X / 00:00:00:031 / heatcond(02) / neighborchange /    322.99394 para heatcond(1,1)(09)
Mensaje X / 00:00:00:031 / heatcond(02) / neighborchange /    322.99394 para heatcond(1,2)(10)
Mensaje X / 00:00:00:031 / heatcond(02) / neighborchange /     59.51249 para heatcond(1,3)(11)
Mensaje X / 00:00:00:031 / heatcond(02) / neighborchange /     59.51249 para heatcond(1,4)(12)
Mensaje D / 00:00:00:031 / heatcond(1,0)(08) / ... para heatcond(02)
Mensaje D / 00:00:00:031 / heatcond(1,1)(09) / ... para heatcond(02)
Mensaje D / 00:00:00:031 / heatcond(1,2)(10) / 00:00:00:001 para heatcond(02)
Mensaje D / 00:00:00:031 / heatcond(1,3)(11) / ... para heatcond(02)
Mensaje D / 00:00:00:031 / heatcond(1,4)(12) / ... para heatcond(02)
Mensaje D / 00:00:00:031 / heatcond(02) / 00:00:00:001 para top(01)
Mensaje D / 00:00:00:031 / top(01) / 00:00:00:001 para Root(00)
Mensaje * / 00:00:00:032 / Root(00) para top(01)
Mensaje * / 00:00:00:032 / top(01) para heatcond(02)
Mensaje * / 00:00:00:032 / heatcond(02) para heatcond(1,2)(10)
Mensaje Y / 00:00:00:032 / heatcond(1,2)(10) / out /    125.38285 para heatcond(02)
Mensaje D / 00:00:00:032 / heatcond(1,2)(10) / ... para heatcond(02)
Mensaje X / 00:00:00:032 / heatcond(02) / neighborchange /    125.38285 para heatcond(1,1)(09)
Mensaje X / 00:00:00:032 / heatcond(02) / neighborchange /    125.38285 para heatcond(1,2)(10)
Mensaje X / 00:00:00:032 / heatcond(02) / neighborchange /    125.38285 para heatcond(1,3)(11)
Mensaje D / 00:00:00:032 / heatcond(1,1)(09) / 00:00:00:001 para heatcond(02)
Mensaje D / 00:00:00:032 / heatcond(1,2)(10) / ... para heatcond(02)
Mensaje D / 00:00:00:032 / heatcond(1,3)(11) / 00:00:00:001 para heatcond(02)
Mensaje D / 00:00:00:032 / heatcond(02) / 00:00:00:001 para top(01)
Mensaje D / 00:00:00:032 / top(01) / 00:00:00:001 para Root(00)
Mensaje * / 00:00:00:033 / Root(00) para top(01)
Mensaje * / 00:00:00:033 / top(01) para heatcond(02)
Mensaje * / 00:00:00:033 / heatcond(02) para heatcond(1,1)(09)
Mensaje * / 00:00:00:033 / heatcond(02) para heatcond(1,3)(11)
Mensaje Y / 00:00:00:033 / heatcond(1,1)(09) / out /    323.00572 para heatcond(02)
Mensaje D / 00:00:00:033 / heatcond(1,1)(09) / ... para heatcond(02)
Mensaje Y / 00:00:00:033 / heatcond(1,3)(11) / out /     59.51857 para heatcond(02)
Mensaje D / 00:00:00:033 / heatcond(1,3)(11) / ... para heatcond(02)
Mensaje X / 00:00:00:033 / heatcond(02) / neighborchange /    323.00572 para heatcond(1,0)(08)
Mensaje X / 00:00:00:033 / heatcond(02) / neighborchange /    323.00572 para heatcond(1,1)(09)
Mensaje X / 00:00:00:033 / heatcond(02) / neighborchange /    323.00572 para heatcond(1,2)(10)
Mensaje X / 00:00:00:033 / heatcond(02) / neighborchange /     59.51857 para heatcond(1,3)(11)
Mensaje X / 00:00:00:033 / heatcond(02) / neighborchange /     59.51857 para heatcond(1,4)(12)
Mensaje D / 00:00:00:033 / heatcond(1,0)(08) / ... para heatcond(02)
Mensaje D / 00:00:00:033 / heatcond(1,1)(09) / ... para heatcond(02)
Mensaje D / 00:00:00:033 / heatcond(1,2)(10) / 00:00:00:001 para heatcond(02)
Mensaje D / 00:00:00:033 / heatcond(1,3)(11) / ... para heatcond(02)
Mensaje D / 00:00:00:033 / heatcond(1,4)(12) / ... para heatcond(02)
Mensaje D / 00:00:00:033 / heatcond(02) / 00:00:00:001 para top(01)
Mensaje D / 00:00:00:033 / top(01) / 00:00:00:001 para Root(00)
Mensaje * / 00:00:00:034 / Root(00) para top(01)
Mensaje * / 00:00:00:034 / top(01) para heatcond(02)
Mensaje * / 00:00:00:034 / heatcond(02) para heatcond(1,2)(10)
Mensaje Y / 00:00:00:034 / heatcond(1,2)(10) / out /    125.39035 para heatcond(02)
Mensaje D / 00:00:00:034 / heatcond(1,2)(10) / ... para heatcond(02)
Mensaje X / 00:00:00:034 / heatcond(02) / neighborchange /    125.39035 para heatcond(1,1)(09)
Mensaje X / 00:00:00:034 / heatcond(02) / neighborchange /    125.39035 para heatcond(1,2)(10)
Mensaje X / 00:00:00:034 / heatcond(02) / neighborchange /    125.39035 para heatcond(1,3)(11)
Mensaje D / 00:00:00:034 / heatcond(1,1)(09) / 00:00:00:001 para heatcond(02)
Mensaje D / 00:00:00:034 / heatcond(1,2)(10) / ... para heatcond(02)
Mensaje D / 00:00:00:034 / heatcond(1,3)(11) / 00:00:00:001 para heatcond(02)
Mensaje D / 00:00:00:034 / heatcond(02) / 00:00:00:001 para top(01)
Mensaje D / 00:00:00:034 / top(01) / 00:00:00:001 para Root(00)
Mensaje * / 00:00:00:035 / Root(00) para top(01)
Mensaje * / 00:00:00:035 / top(01) para heatcond(02)
Mensaje * / 00:00:00:035 / heatcond(02) para heatcond(1,1)(09)
Mensaje * / 00:00:00:035 / heatcond(02) para heatcond(1,3)(11)
Mensaje Y / 00:00:00:035 / heatcond(1,1)(09) / out /    323.01117 para heatcond(02)
Mensaje D / 00:00:00:035 / heatcond(1,1)(09) / ... para heatcond(02)
Mensaje Y / 00:00:00:035 / heatcond(1,3)(11) / out /     59.52138 para heatcond(02)
Mensaje D / 00:00:00:035 / heatcond(1,3)(11) / ... para heatcond(02)
Mensaje X / 00:00:00:035 / heatcond(02) / neighborchange /    323.01117 para heatcond(1,0)(08)
Mensaje X / 00:00:00:035 / heatcond(02) / neighborchange /    323.01117 para heatcond(1,1)(09)
Mensaje X / 00:00:00:035 / heatcond(02) / neighborchange /    323.01117 para heatcond(1,2)(10)
Mensaje X / 00:00:00:035 / heatcond(02) / neighborchange /     59.52138 para heatcond(1,3)(11)
Mensaje X / 00:00:00:035 / heatcond(02) / neighborchange /     59.52138 para heatcond(1,4)(12)
Mensaje D / 00:00:00:035 / heatcond(1,0)(08) / ... para heatcond(02)
Mensaje D / 00:00:00:035 / heatcond(1,1)(09) / ... para heatcond(02)
Mensaje D / 00:00:00:035 / heatcond(1,2)(10) / 00:00:00:001 para heatcond(02)
Mensaje D / 00:00:00:035 / heatcond(1,3)(11) / ... para heatcond(02)
Mensaje D / 00:00:00:035 / heatcond(1,4)(12) / ... para heatcond(02)
Mensaje D / 00:00:00:035 / heatcond(02) / 00:00:00:001 para top(01)
Mensaje D / 00:00:00:035 / top(01) / 00:00:00:001 para Root(00)
Mensaje * / 00:00:00:036 / Root(00) para top(01)
Mensaje * / 00:00:00:036 / top(01) para heatcond(02)
Mensaje * / 00:00:00:036 / heatcond(02) para heatcond(1,2)(10)
Mensaje Y / 00:00:00:036 / heatcond(1,2)(10) / out /    125.39383 para heatcond(02)
Mensaje D / 00:00:00:036 / heatcond(1,2)(10) / ... para heatcond(02)
Mensaje X / 00:00:00:036 / heatcond(02) / neighborchange /    125.39383 para heatcond(1,1)(09)
Mensaje X / 00:00:00:036 / heatcond(02) / neighborchange /    125.39383 para heatcond(1,2)(10)
Mensaje X / 00:00:00:036 / heatcond(02) / neighborchange /    125.39383 para heatcond(1,3)(11)
Mensaje D / 00:00:00:036 / heatcond(1,1)(09) / 00:00:00:001 para heatcond(02)
Mensaje D / 00:00:00:036 / heatcond(1,2)(10) / ... para heatcond(02)
Mensaje D / 00:00:00:036 / heatcond(1,3)(11) / 00:00:00:001 para heatcond(02)
Mensaje D / 00:00:00:036 / heatcond(02) / 00:00:00:001 para top(01)
Mensaje D / 00:00:00:036 / top(01) / 00:00:00:001 para Root(00)
Mensaje * / 00:00:00:037 / Root(00) para top(01)
Mensaje * / 00:00:00:037 / top(01) para heatcond(02)
Mensaje * / 00:00:00:037 / heatcond(02) para heatcond(1,1)(09)
Mensaje * / 00:00:00:037 / heatcond(02) para heatcond(1,3)(11)
Mensaje Y / 00:00:00:037 / heatcond(1,1)(09) / out /    323.01370 para heatcond(02)
Mensaje D / 00:00:00:037 / heatcond(1,1)(09) / ... para heatcond(02)
Mensaje Y / 00:00:00:037 / heatcond(1,3)(11) / out /     59.52268 para heatcond(02)
Mensaje D / 00:00:00:037 / heatcond(1,3)(11) / ... para heatcond(02)
Mensaje X / 00:00:00:037 / heatcond(02) / neighborchange /    323.01370 para heatcond(1,0)(08)
Mensaje X / 00:00:00:037 / heatcond(02) / neighborchange /    323.01370 para heatcond(1,1)(09)
Mensaje X / 00:00:00:037 / heatcond(02) / neighborchange /    323.01370 para heatcond(1,2)(10)
Mensaje X / 00:00:00:037 / heatcond(02) / neighborchange /     59.52268 para heatcond(1,3)(11)
Mensaje X / 00:00:00:037 / heatcond(02) / neighborchange /     59.52268 para heatcond(1,4)(12)
Mensaje D / 00:00:00:037 / heatcond(1,0)(08) / ... para heatcond(02)
Mensaje D / 00:00:00:037 / heatcond(1,1)(09) / ... para heatcond(02)
Mensaje D / 00:00:00:037 / heatcond(1,2)(10) / 00:00:00:001 para heatcond(02)
Mensaje D / 00:00:00:037 / heatcond(1,3)(11) / ... para heatcond(02)
Mensaje D / 00:00:00:037 / heatcond(1,4)(12) / ... para heatcond(02)
Mensaje D / 00:00:00:037 / heatcond(02) / 00:00:00:001 para top(01)
Mensaje D / 00:00:00:037 / top(01) / 00:00:00:001 para Root(00)
Mensaje * / 00:00:00:038 / Root(00) para top(01)
Mensaje * / 00:00:00:038 / top(01) para heatcond(02)
Mensaje * / 00:00:00:038 / heatcond(02) para heatcond(1,2)(10)
Mensaje Y / 00:00:00:038 / heatcond(1,2)(10) / out /    125.39544 para heatcond(02)
Mensaje D / 00:00:00:038 / heatcond(1,2)(10) / ... para heatcond(02)
Mensaje X / 00:00:00:038 / heatcond(02) / neighborchange /    125.39544 para heatcond(1,1)(09)
Mensaje X / 00:00:00:038 / heatcond(02) / neighborchange /    125.39544 para heatcond(1,2)(10)
Mensaje X / 00:00:00:038 / heatcond(02) / neighborchange /    125.39544 para heatcond(1,3)(11)
Mensaje D / 00:00:00:038 / heatcond(1,1)(09) / 00:00:00:001 para heatcond(02)
Mensaje D / 00:00:00:038 / heatcond(1,2)(10) / ... para heatcond(02)
Mensaje D / 00:00:00:038 / heatcond(1,3)(11) / 00:00:00:001 para heatcond(02)
Mensaje D / 00:00:00:038 / heatcond(02) / 00:00:00:001 para top(01)
Mensaje D / 00:00:00:038 / top(01) / 00:00:00:001 para Root(00)
Mensaje * / 00:00:00:039 / Root(00) para top(01)
Mensaje * / 00:00:00:039 / top(01) para heatcond(02)
Mensaje * / 00:00:00:039 / heatcond(02) para heatcond(1,1)(09)
Mensaje * / 00:00:00:039 / heatcond(02) para heatcond(1,3)(11)
Mensaje Y / 00:00:00:039 / heatcond(1,1)(09) / out /    323.01487 para heatcond(02)
Mensaje D / 00:00:00:039 / heatcond(1,1)(09) / ... para heatcond(02)
Mensaje Y / 00:00:00:039 / heatcond(1,3)(11) / out /     59.52329 para heatcond(02)
Mensaje D / 00:00:00:039 / heatcond(1,3)(11) / ... para heatcond(02)
Mensaje X / 00:00:00:039 / heatcond(02) / neighborchange /    323.01487 para heatcond(1,0)(08)
Mensaje X / 00:00:00:039 / heatcond(02) / neighborchange /    323.01487 para heatcond(1,1)(09)
Mensaje X / 00:00:00:039 / heatcond(02) / neighborchange /    323.01487 para heatcond(1,2)(10)
Mensaje X / 00:00:00:039 / heatcond(02) / neighborchange /     59.52329 para heatcond(1,3)(11)
Mensaje X / 00:00:00:039 / heatcond(02) / neighborchange /     59.52329 para heatcond(1,4)(12)
Mensaje D / 00:00:00:039 / heatcond(1,0)(08) / ... para heatcond(02)
Mensaje D / 00:00:00:039 / heatcond(1,1)(09) / ... para heatcond(02)
Mensaje D / 00:00:00:039 / heatcond(1,2)(10) / 00:00:00:001 para heatcond(02)
Mensaje D / 00:00:00:039 / heatcond(1,3)(11) / ... para heatcond(02)
Mensaje D / 00:00:00:039 / heatcond(1,4)(12) / ... para heatcond(02)
Mensaje D / 00:00:00:039 / heatcond(02) / 00:00:00:001 para top(01)
Mensaje D / 00:00:00:039 / top(01) / 00:00:00:001 para Root(00)
Mensaje * / 00:00:00:040 / Root(00) para top(01)
Mensaje * / 00:00:00:040 / top(01) para heatcond(02)
Mensaje * / 00:00:00:040 / heatcond(02) para heatcond(1,2)(10)
Mensaje Y / 00:00:00:040 / heatcond(1,2)(10) / out /    125.39618 para heatcond(02)
Mensaje D / 00:00:00:040 / heatcond(1,2)(10) / ... para heatcond(02)
Mensaje X / 00:00:00:040 / heatcond(02) / neighborchange /    125.39618 para heatcond(1,1)(09)
Mensaje X / 00:00:00:040 / heatcond(02) / neighborchange /    125.39618 para heatcond(1,2)(10)
Mensaje X / 00:00:00:040 / heatcond(02) / neighborchange /    125.39618 para heatcond(1,3)(11)
Mensaje D / 00:00:00:040 / heatcond(1,1)(09) / 00:00:00:001 para heatcond(02)
Mensaje D / 00:00:00:040 / heatcond(1,2)(10) / ... para heatcond(02)
Mensaje D / 00:00:00:040 / heatcond(1,3)(11) / 00:00:00:001 para heatcond(02)
Mensaje D / 00:00:00:040 / heatcond(02) / 00:00:00:001 para top(01)
Mensaje D / 00:00:00:040 / top(01) / 00:00:00:001 para Root(00)
Mensaje * / 00:00:00:041 / Root(00) para top(01)
Mensaje * / 00:00:00:041 / top(01) para heatcond(02)
Mensaje * / 00:00:00:041 / heatcond(02) para heatcond(1,1)(09)
Mensaje * / 00:00:00:041 / heatcond(02) para heatcond(1,3)(11)
Mensaje Y / 00:00:00:041 / heatcond(1,1)(09) / out /    323.01541 para heatcond(02)
Mensaje D / 00:00:00:041 / heatcond(1,1)(09) / ... para heatcond(02)
Mensaje Y / 00:00:00:041 / heatcond(1,3)(11) / out /     59.52357 para heatcond(02)
Mensaje D / 00:00:00:041 / heatcond(1,3)(11) / ... para heatcond(02)
Mensaje X / 00:00:00:041 / heatcond(02) / neighborchange /    323.01541 para heatcond(1,0)(08)
Mensaje X / 00:00:00:041 / heatcond(02) / neighborchange /    323.01541 para heatcond(1,1)(09)
Mensaje X / 00:00:00:041 / heatcond(02) / neighborchange /    323.01541 para heatcond(1,2)(10)
Mensaje X / 00:00:00:041 / heatcond(02) / neighborchange /     59.52357 para heatcond(1,3)(11)
Mensaje X / 00:00:00:041 / heatcond(02) / neighborchange /     59.52357 para heatcond(1,4)(12)
Mensaje D / 00:00:00:041 / heatcond(1,0)(08) / ... para heatcond(02)
Mensaje D / 00:00:00:041 / heatcond(1,1)(09) / ... para heatcond(02)
Mensaje D / 00:00:00:041 / heatcond(1,2)(10) / 00:00:00:001 para heatcond(02)
Mensaje D / 00:00:00:041 / heatcond(1,3)(11) / ... para heatcond(02)
Mensaje D / 00:00:00:041 / heatcond(1,4)(12) / ... para heatcond(02)
Mensaje D / 00:00:00:041 / heatcond(02) / 00:00:00:001 para top(01)
Mensaje D / 00:00:00:041 / top(01) / 00:00:00:001 para Root(00)
Mensaje * / 00:00:00:042 / Root(00) para top(01)
Mensaje * / 00:00:00:042 / top(01) para heatcond(02)
Mensaje * / 00:00:00:042 / heatcond(02) para heatcond(1,2)(10)
Mensaje Y / 00:00:00:042 / heatcond(1,2)(10) / out /    125.39653 para heatcond(02)
Mensaje D / 00:00:00:042 / heatcond(1,2)(10) / ... para heatcond(02)
Mensaje X / 00:00:00:042 / heatcond(02) / neighborchange /    125.39653 para heatcond(1,1)(09)
Mensaje X / 00:00:00:042 / heatcond(02) / neighborchange /    125.39653 para heatcond(1,2)(10)
Mensaje X / 00:00:00:042 / heatcond(02) / neighborchange /    125.39653 para heatcond(1,3)(11)
Mensaje D / 00:00:00:042 / heatcond(1,1)(09) / 00:00:00:001 para heatcond(02)
Mensaje D / 00:00:00:042 / heatcond(1,2)(10) / ... para heatcond(02)
Mensaje D / 00:00:00:042 / heatcond(1,3)(11) / 00:00:00:001 para heatcond(02)
Mensaje D / 00:00:00:042 / heatcond(02) / 00:00:00:001 para top(01)
Mensaje D / 00:00:00:042 / top(01) / 00:00:00:001 para Root(00)
Mensaje * / 00:00:00:043 / Root(00) para top(01)
Mensaje * / 00:00:00:043 / top(01) para heatcond(02)
Mensaje * / 00:00:00:043 / heatcond(02) para heatcond(1,1)(09)
Mensaje * / 00:00:00:043 / heatcond(02) para heatcond(1,3)(11)
Mensaje Y / 00:00:00:043 / heatcond(1,1)(09) / out /    323.01566 para heatcond(02)
Mensaje D / 00:00:00:043 / heatcond(1,1)(09) / ... para heatcond(02)
Mensaje Y / 00:00:00:043 / heatcond(1,3)(11) / out /     59.52370 para heatcond(02)
Mensaje D / 00:00:00:043 / heatcond(1,3)(11) / ... para heatcond(02)
Mensaje X / 00:00:00:043 / heatcond(02) / neighborchange /    323.01566 para heatcond(1,0)(08)
Mensaje X / 00:00:00:043 / heatcond(02) / neighborchange /    323.01566 para heatcond(1,1)(09)
Mensaje X / 00:00:00:043 / heatcond(02) / neighborchange /    323.01566 para heatcond(1,2)(10)
Mensaje X / 00:00:00:043 / heatcond(02) / neighborchange /     59.52370 para heatcond(1,3)(11)
Mensaje X / 00:00:00:043 / heatcond(02) / neighborchange /     59.52370 para heatcond(1,4)(12)
Mensaje D / 00:00:00:043 / heatcond(1,0)(08) / ... para heatcond(02)
Mensaje D / 00:00:00:043 / heatcond(1,1)(09) / ... para heatcond(02)
Mensaje D / 00:00:00:043 / heatcond(1,2)(10) / 00:00:00:001 para heatcond(02)
Mensaje D / 00:00:00:043 / heatcond(1,3)(11) / ... para heatcond(02)
Mensaje D / 00:00:00:043 / heatcond(1,4)(12) / ... para heatcond(02)
Mensaje D / 00:00:00:043 / heatcond(02) / 00:00:00:001 para top(01)
Mensaje D / 00:00:00:043 / top(01) / 00:00:00:001 para Root(00)
Mensaje * / 00:00:00:044 / Root(00) para top(01)
Mensaje * / 00:00:00:044 / top(01) para heatcond(02)
Mensaje * / 00:00:00:044 / heatcond(02) para heatcond(1,2)(10)
Mensaje Y / 00:00:00:044 / heatcond(1,2)(10) / out /    125.39669 para heatcond(02)
Mensaje D / 00:00:00:044 / heatcond(1,2)(10) / ... para heatcond(02)
Mensaje X / 00:00:00:044 / heatcond(02) / neighborchange /    125.39669 para heatcond(1,1)(09)
Mensaje X / 00:00:00:044 / heatcond(02) / neighborchange /    125.39669 para heatcond(1,2)(10)
Mensaje X / 00:00:00:044 / heatcond(02) / neighborchange /    125.39669 para heatcond(1,3)(11)
Mensaje D / 00:00:00:044 / heatcond(1,1)(09) / 00:00:00:001 para heatcond(02)
Mensaje D / 00:00:00:044 / heatcond(1,2)(10) / ... para heatcond(02)
Mensaje D / 00:00:00:044 / heatcond(1,3)(11) / 00:00:00:001 para heatcond(02)
Mensaje D / 00:00:00:044 / heatcond(02) / 00:00:00:001 para top(01)
Mensaje D / 00:00:00:044 / top(01) / 00:00:00:001 para Root(00)
Mensaje * / 00:00:00:045 / Root(00) para top(01)
Mensaje * / 00:00:00:045 / top(01) para heatcond(02)
Mensaje * / 00:00:00:045 / heatcond(02) para heatcond(1,1)(09)
Mensaje * / 00:00:00:045 / heatcond(02) para heatcond(1,3)(11)
Mensaje Y / 00:00:00:045 / heatcond(1,1)(09) / out /    323.01578 para heatcond(02)
Mensaje D / 00:00:00:045 / heatcond(1,1)(09) / ... para heatcond(02)
Mensaje Y / 00:00:00:045 / heatcond(1,3)(11) / out /     59.52376 para heatcond(02)
Mensaje D / 00:00:00:045 / heatcond(1,3)(11) / ... para heatcond(02)
Mensaje X / 00:00:00:045 / heatcond(02) / neighborchange /    323.01578 para heatcond(1,0)(08)
Mensaje X / 00:00:00:045 / heatcond(02) / neighborchange /    323.01578 para heatcond(1,1)(09)
Mensaje X / 00:00:00:045 / heatcond(02) / neighborchange /    323.01578 para heatcond(1,2)(10)
Mensaje X / 00:00:00:045 / heatcond(02) / neighborchange /     59.52376 para heatcond(1,3)(11)
Mensaje X / 00:00:00:045 / heatcond(02) / neighborchange /     59.52376 para heatcond(1,4)(12)
Mensaje D / 00:00:00:045 / heatcond(1,0)(08) / ... para heatcond(02)
Mensaje D / 00:00:00:045 / heatcond(1,1)(09) / ... para heatcond(02)
Mensaje D / 00:00:00:045 / heatcond(1,2)(10) / 00:00:00:001 para heatcond(02)
Mensaje D / 00:00:00:045 / heatcond(1,3)(11) / ... para heatcond(02)
Mensaje D / 00:00:00:045 / heatcond(1,4)(12) / ... para heatcond(02)
Mensaje D / 00:00:00:045 / heatcond(02) / 00:00:00:001 para top(01)
Mensaje D / 00:00:00:045 / top(01) / 00:00:00:001 para Root(00)
Mensaje * / 00:00:00:046 / Root(00) para top(01)
Mensaje * / 00:00:00:046 / top(01) para heatcond(02)
Mensaje * / 00:00:00:046 / heatcond(02) para heatcond(1,2)(10)
Mensaje Y / 00:00:00:046 / heatcond(1,2)(10) / out /    125.39676 para heatcond(02)
Mensaje D / 00:00:00:046 / heatcond(1,2)(10) / ... para heatcond(02)
Mensaje X / 00:00:00:046 / heatcond(02) / neighborchange /    125.39676 para heatcond(1,1)(09)
Mensaje X / 00:00:00:046 / heatcond(02) / neighborchange /    125.39676 para heatcond(1,2)(10)
Mensaje X / 00:00:00:046 / heatcond(02) / neighborchange /    125.39676 para heatcond(1,3)(11)
Mensaje D / 00:00:00:046 / heatcond(1,1)(09) / 00:00:00:001 para heatcond(02)
Mensaje D / 00:00:00:046 / heatcond(1,2)(10) / ... para heatcond(02)
Mensaje D / 00:00:00:046 / heatcond(1,3)(11) / 00:00:00:001 para heatcond(02)
Mensaje D / 00:00:00:046 / heatcond(02) / 00:00:00:001 para top(01)
Mensaje D / 00:00:00:046 / top(01) / 00:00:00:001 para Root(00)
Mensaje * / 00:00:00:047 / Root(00) para top(01)
Mensaje * / 00:00:00:047 / top(01) para heatcond(02)
Mensaje * / 00:00:00:047 / heatcond(02) para heatcond(1,1)(09)
Mensaje * / 00:00:00:047 / heatcond(02) para heatcond(1,3)(11)
Mensaje Y / 00:00:00:047 / heatcond(1,1)(09) / out /    323.01583 para heatcond(02)
Mensaje D / 00:00:00:047 / heatcond(1,1)(09) / ... para heatcond(02)
Mensaje Y / 00:00:00:047 / heatcond(1,3)(11) / out /     59.52378 para heatcond(02)
Mensaje D / 00:00:00:047 / heatcond(1,3)(11) / ... para heatcond(02)
Mensaje X / 00:00:00:047 / heatcond(02) / neighborchange /    323.01583 para heatcond(1,0)(08)
Mensaje X / 00:00:00:047 / heatcond(02) / neighborchange /    323.01583 para heatcond(1,1)(09)
Mensaje X / 00:00:00:047 / heatcond(02) / neighborchange /    323.01583 para heatcond(1,2)(10)
Mensaje X / 00:00:00:047 / heatcond(02) / neighborchange /     59.52378 para heatcond(1,3)(11)
Mensaje X / 00:00:00:047 / heatcond(02) / neighborchange /     59.52378 para heatcond(1,4)(12)
Mensaje D / 00:00:00:047 / heatcond(1,0)(08) / ... para heatcond(02)
Mensaje D / 00:00:00:047 / heatcond(1,1)(09) / ... para heatcond(02)
Mensaje D / 00:00:00:047 / heatcond(1,2)(10) / 00:00:00:001 para heatcond(02)
Mensaje D / 00:00:00:047 / heatcond(1,3)(11) / ... para heatcond(02)
Mensaje D / 00:00:00:047 / heatcond(1,4)(12) / ... para heatcond(02)
Mensaje D / 00:00:00:047 / heatcond(02) / 00:00:00:001 para top(01)
Mensaje D / 00:00:00:047 / top(01) / 00:00:00:001 para Root(00)
Mensaje * / 00:00:00:048 / Root(00) para top(01)
Mensaje * / 00:00:00:048 / top(01) para heatcond(02)
Mensaje * / 00:00:00:048 / heatcond(02) para heatcond(1,2)(10)
Mensaje Y / 00:00:00:048 / heatcond(1,2)(10) / out /    125.39679 para heatcond(02)
Mensaje D / 00:00:00:048 / heatcond(1,2)(10) / ... para heatcond(02)
Mensaje X / 00:00:00:048 / heatcond(02) / neighborchange /    125.39679 para heatcond(1,1)(09)
Mensaje X / 00:00:00:048 / heatcond(02) / neighborchange /    125.39679 para heatcond(1,2)(10)
Mensaje X / 00:00:00:048 / heatcond(02) / neighborchange /    125.39679 para heatcond(1,3)(11)
Mensaje D / 00:00:00:048 / heatcond(1,1)(09) / 00:00:00:001 para heatcond(02)
Mensaje D / 00:00:00:048 / heatcond(1,2)(10) / ... para heatcond(02)
Mensaje D / 00:00:00:048 / heatcond(1,3)(11) / 00:00:00:001 para heatcond(02)
Mensaje D / 00:00:00:048 / heatcond(02) / 00:00:00:001 para top(01)
Mensaje D / 00:00:00:048 / top(01) / 00:00:00:001 para Root(00)
Mensaje * / 00:00:00:049 / Root(00) para top(01)
Mensaje * / 00:00:00:049 / top(01) para heatcond(02)
Mensaje * / 00:00:00:049 / heatcond(02) para heatcond(1,1)(09)
Mensaje * / 00:00:00:049 / heatcond(02) para heatcond(1,3)(11)
Mensaje Y / 00:00:00:049 / heatcond(1,1)(09) / out /    323.01586 para heatcond(02)
Mensaje D / 00:00:00:049 / heatcond(1,1)(09) / ... para heatcond(02)
Mensaje Y / 00:00:00:049 / heatcond(1,3)(11) / out /     59.52380 para heatcond(02)
Mensaje D / 00:00:00:049 / heatcond(1,3)(11) / ... para heatcond(02)
Mensaje X / 00:00:00:049 / heatcond(02) / neighborchange /    323.01586 para heatcond(1,0)(08)
Mensaje X / 00:00:00:049 / heatcond(02) / neighborchange /    323.01586 para heatcond(1,1)(09)
Mensaje X / 00:00:00:049 / heatcond(02) / neighborchange /    323.01586 para heatcond(1,2)(10)
Mensaje X / 00:00:00:049 / heatcond(02) / neighborchange /     59.52380 para heatcond(1,3)(11)
Mensaje X / 00:00:00:049 / heatcond(02) / neighborchange /     59.52380 para heatcond(1,4)(12)
Mensaje D / 00:00:00:049 / heatcond(1,0)(08) / ... para heatcond(02)
Mensaje D / 00:00:00:049 / heatcond(1,1)(09) / ... para heatcond(02)
Mensaje D / 00:00:00:049 / heatcond(1,2)(10) / 00:00:00:001 para heatcond(02)
Mensaje D / 00:00:00:049 / heatcond(1,3)(11) / ... para heatcond(02)
Mensaje D / 00:00:00:049 / heatcond(1,4)(12) / ... para heatcond(02)
Mensaje D / 00:00:00:049 / heatcond(02) / 00:00:00:001 para top(01)
Mensaje D / 00:00:00:049 / top(01) / 00:00:00:001 para Root(00)
Mensaje * / 00:00:00:050 / Root(00) para top(01)
Mensaje * / 00:00:00:050 / top(01) para heatcond(02)
Mensaje * / 00:00:00:050 / heatcond(02) para heatcond(1,2)(10)
Mensaje Y / 00:00:00:050 / heatcond(1,2)(10) / out /    125.39681 para heatcond(02)
Mensaje D / 00:00:00:050 / heatcond(1,2)(10) / ... para heatcond(02)
Mensaje X / 00:00:00:050 / heatcond(02) / neighborchange /    125.39681 para heatcond(1,1)(09)
Mensaje X / 00:00:00:050 / heatcond(02) / neighborchange /    125.39681 para heatcond(1,2)(10)
Mensaje X / 00:00:00:050 / heatcond(02) / neighborchange /    125.39681 para heatcond(1,3)(11)
Mensaje D / 00:00:00:050 / heatcond(1,1)(09) / 00:00:00:001 para heatcond(02)
Mensaje D / 00:00:00:050 / heatcond(1,2)(10) / ... para heatcond(02)
Mensaje D / 00:00:00:050 / heatcond(1,3)(11) / 00:00:00:001 para heatcond(02)
Mensaje D / 00:00:00:050 / heatcond(02) / 00:00:00:001 para top(01)
Mensaje D / 00:00:00:050 / top(01) / 00:00:00:001 para Root(00)
Mensaje * / 00:00:00:051 / Root(00) para top(01)
Mensaje * / 00:00:00:051 / top(01) para heatcond(02)
Mensaje * / 00:00:00:051 / heatcond(02) para heatcond(1,1)(09)
Mensaje * / 00:00:00:051 / heatcond(02) para heatcond(1,3)(11)
Mensaje Y / 00:00:00:051 / heatcond(1,1)(09) / out /    323.01587 para heatcond(02)
Mensaje D / 00:00:00:051 / heatcond(1,1)(09) / ... para heatcond(02)
Mensaje Y / 00:00:00:051 / heatcond(1,3)(11) / out /     59.52380 para heatcond(02)
Mensaje D / 00:00:00:051 / heatcond(1,3)(11) / ... para heatcond(02)
Mensaje X / 00:00:00:051 / heatcond(02) / neighborchange /    323.01587 para heatcond(1,0)(08)
Mensaje X / 00:00:00:051 / heatcond(02) / neighborchange /    323.01587 para heatcond(1,1)(09)
Mensaje X / 00:00:00:051 / heatcond(02) / neighborchange /    323.01587 para heatcond(1,2)(10)
Mensaje X / 00:00:00:051 / heatcond(02) / neighborchange /     59.52380 para heatcond(1,3)(11)
Mensaje X / 00:00:00:051 / heatcond(02) / neighborchange /     59.52380 para heatcond(1,4)(12)
Mensaje D / 00:00:00:051 / heatcond(1,0)(08) / ... para heatcond(02)
Mensaje D / 00:00:00:051 / heatcond(1,1)(09) / ... para heatcond(02)
Mensaje D / 00:00:00:051 / heatcond(1,2)(10) / 00:00:00:001 para heatcond(02)
Mensaje D / 00:00:00:051 / heatcond(1,3)(11) / ... para heatcond(02)
Mensaje D / 00:00:00:051 / heatcond(1,4)(12) / ... para heatcond(02)
Mensaje D / 00:00:00:051 / heatcond(02) / 00:00:00:001 para top(01)
Mensaje D / 00:00:00:051 / top(01) / 00:00:00:001 para Root(00)
Mensaje * / 00:00:00:052 / Root(00) para top(01)
Mensaje * / 00:00:00:052 / top(01) para heatcond(02)
Mensaje * / 00:00:00:052 / heatcond(02) para heatcond(1,2)(10)
Mensaje Y / 00:00:00:052 / heatcond(1,2)(10) / out /    125.39682 para heatcond(02)
Mensaje D / 00:00:00:052 / heatcond(1,2)(10) / ... para heatcond(02)
Mensaje X / 00:00:00:052 / heatcond(02) / neighborchange /    125.39682 para heatcond(1,1)(09)
Mensaje X / 00:00:00:052 / heatcond(02) / neighborchange /    125.39682 para heatcond(1,2)(10)
Mensaje X / 00:00:00:052 / heatcond(02) / neighborchange /    125.39682 para heatcond(1,3)(11)
Mensaje D / 00:00:00:052 / heatcond(1,1)(09) / 00:00:00:001 para heatcond(02)
Mensaje D / 00:00:00:052 / heatcond(1,2)(10) / ... para heatcond(02)
Mensaje D / 00:00:00:052 / heatcond(1,3)(11) / 00:00:00:001 para heatcond(02)
Mensaje D / 00:00:00:052 / heatcond(02) / 00:00:00:001 para top(01)
Mensaje D / 00:00:00:052 / top(01) / 00:00:00:001 para Root(00)
Mensaje * / 00:00:00:053 / Root(00) para top(01)
Mensaje * / 00:00:00:053 / top(01) para heatcond(02)
Mensaje * / 00:00:00:053 / heatcond(02) para heatcond(1,1)(09)
Mensaje * / 00:00:00:053 / heatcond(02) para heatcond(1,3)(11)
Mensaje Y / 00:00:00:053 / heatcond(1,1)(09) / out /    323.01587 para heatcond(02)
Mensaje D / 00:00:00:053 / heatcond(1,1)(09) / ... para heatcond(02)
Mensaje Y / 00:00:00:053 / heatcond(1,3)(11) / out /     59.52381 para heatcond(02)
Mensaje D / 00:00:00:053 / heatcond(1,3)(11) / ... para heatcond(02)
Mensaje X / 00:00:00:053 / heatcond(02) / neighborchange /    323.01587 para heatcond(1,0)(08)
Mensaje X / 00:00:00:053 / heatcond(02) / neighborchange /    323.01587 para heatcond(1,1)(09)
Mensaje X / 00:00:00:053 / heatcond(02) / neighborchange /    323.01587 para heatcond(1,2)(10)
Mensaje X / 00:00:00:053 / heatcond(02) / neighborchange /     59.52381 para heatcond(1,3)(11)
Mensaje X / 00:00:00:053 / heatcond(02) / neighborchange /     59.52381 para heatcond(1,4)(12)
Mensaje D / 00:00:00:053 / heatcond(1,0)(08) / ... para heatcond(02)
Mensaje D / 00:00:00:053 / heatcond(1,1)(09) / ... para heatcond(02)
Mensaje D / 00:00:00:053 / heatcond(1,2)(10) / 00:00:00:001 para heatcond(02)
Mensaje D / 00:00:00:053 / heatcond(1,3)(11) / ... para heatcond(02)
Mensaje D / 00:00:00:053 / heatcond(1,4)(12) / ... para heatcond(02)
Mensaje D / 00:00:00:053 / heatcond(02) / 00:00:00:001 para top(01)
Mensaje D / 00:00:00:053 / top(01) / 00:00:00:001 para Root(00)
Mensaje * / 00:00:00:054 / Root(00) para top(01)
Mensaje * / 00:00:00:054 / top(01) para heatcond(02)
Mensaje * / 00:00:00:054 / heatcond(02) para heatcond(1,2)(10)
Mensaje Y / 00:00:00:054 / heatcond(1,2)(10) / out /    125.39682 para heatcond(02)
Mensaje D / 00:00:00:054 / heatcond(1,2)(10) / ... para heatcond(02)
Mensaje X / 00:00:00:054 / heatcond(02) / neighborchange /    125.39682 para heatcond(1,1)(09)
Mensaje X / 00:00:00:054 / heatcond(02) / neighborchange /    125.39682 para heatcond(1,2)(10)
Mensaje X / 00:00:00:054 / heatcond(02) / neighborchange /    125.39682 para heatcond(1,3)(11)
Mensaje D / 00:00:00:054 / heatcond(1,1)(09) / 00:00:00:001 para heatcond(02)
Mensaje D / 00:00:00:054 / heatcond(1,2)(10) / ... para heatcond(02)
Mensaje D / 00:00:00:054 / heatcond(1,3)(11) / 00:00:00:001 para heatcond(02)
Mensaje D / 00:00:00:054 / heatcond(02) / 00:00:00:001 para top(01)
Mensaje D / 00:00:00:054 / top(01) / 00:00:00:001 para Root(00)
Mensaje * / 00:00:00:055 / Root(00) para top(01)
Mensaje * / 00:00:00:055 / top(01) para heatcond(02)
Mensaje * / 00:00:00:055 / heatcond(02) para heatcond(1,1)(09)
Mensaje * / 00:00:00:055 / heatcond(02) para heatcond(1,3)(11)
Mensaje Y / 00:00:00:055 / heatcond(1,1)(09) / out /    323.01587 para heatcond(02)
Mensaje D / 00:00:00:055 / heatcond(1,1)(09) / ... para heatcond(02)
Mensaje Y / 00:00:00:055 / heatcond(1,3)(11) / out /     59.52381 para heatcond(02)
Mensaje D / 00:00:00:055 / heatcond(1,3)(11) / ... para heatcond(02)
Mensaje X / 00:00:00:055 / heatcond(02) / neighborchange /    323.01587 para heatcond(1,0)(08)
Mensaje X / 00:00:00:055 / heatcond(02) / neighborchange /    323.01587 para heatcond(1,1)(09)
Mensaje X / 00:00:00:055 / heatcond(02) / neighborchange /    323.01587 para heatcond(1,2)(10)
Mensaje X / 00:00:00:055 / heatcond(02) / neighborchange /     59.52381 para heatcond(1,3)(11)
Mensaje X / 00:00:00:055 / heatcond(02) / neighborchange /     59.52381 para heatcond(1,4)(12)
Mensaje D / 00:00:00:055 / heatcond(1,0)(08) / ... para heatcond(02)
Mensaje D / 00:00:00:055 / heatcond(1,1)(09) / ... para heatcond(02)
Mensaje D / 00:00:00:055 / heatcond(1,2)(10) / 00:00:00:001 para heatcond(02)
Mensaje D / 00:00:00:055 / heatcond(1,3)(11) / ... para heatcond(02)
Mensaje D / 00:00:00:055 / heatcond(1,4)(12) / ... para heatcond(02)
Mensaje D / 00:00:00:055 / heatcond(02) / 00:00:00:001 para top(01)
Mensaje D / 00:00:00:055 / top(01) / 00:00:00:001 para Root(00)
Mensaje * / 00:00:00:056 / Root(00) para top(01)
Mensaje * / 00:00:00:056 / top(01) para heatcond(02)
Mensaje * / 00:00:00:056 / heatcond(02) para heatcond(1,2)(10)
Mensaje Y / 00:00:00:056 / heatcond(1,2)(10) / out /    125.39682 para heatcond(02)
Mensaje D / 00:00:00:056 / heatcond(1,2)(10) / ... para heatcond(02)
Mensaje X / 00:00:00:056 / heatcond(02) / neighborchange /    125.39682 para heatcond(1,1)(09)
Mensaje X / 00:00:00:056 / heatcond(02) / neighborchange /    125.39682 para heatcond(1,2)(10)
Mensaje X / 00:00:00:056 / heatcond(02) / neighborchange /    125.39682 para heatcond(1,3)(11)
Mensaje D / 00:00:00:056 / heatcond(1,1)(09) / 00:00:00:001 para heatcond(02)
Mensaje D / 00:00:00:056 / heatcond(1,2)(10) / ... para heatcond(02)
Mensaje D / 00:00:00:056 / heatcond(1,3)(11) / 00:00:00:001 para heatcond(02)
Mensaje D / 00:00:00:056 / heatcond(02) / 00:00:00:001 para top(01)
Mensaje D / 00:00:00:056 / top(01) / 00:00:00:001 para Root(00)
Mensaje * / 00:00:00:057 / Root(00) para top(01)
Mensaje * / 00:00:00:057 / top(01) para heatcond(02)
Mensaje * / 00:00:00:057 / heatcond(02) para heatcond(1,1)(09)
Mensaje * / 00:00:00:057 / heatcond(02) para heatcond(1,3)(11)
Mensaje Y / 00:00:00:057 / heatcond(1,1)(09) / out /    323.01588 para heatcond(02)
Mensaje D / 00:00:00:057 / heatcond(1,1)(09) / ... para heatcond(02)
Mensaje Y / 00:00:00:057 / heatcond(1,3)(11) / out /     59.52381 para heatcond(02)
Mensaje D / 00:00:00:057 / heatcond(1,3)(11) / ... para heatcond(02)
Mensaje X / 00:00:00:057 / heatcond(02) / neighborchange /    323.01588 para heatcond(1,0)(08)
Mensaje X / 00:00:00:057 / heatcond(02) / neighborchange /    323.01588 para heatcond(1,1)(09)
Mensaje X / 00:00:00:057 / heatcond(02) / neighborchange /    323.01588 para heatcond(1,2)(10)
Mensaje X / 00:00:00:057 / heatcond(02) / neighborchange /     59.52381 para heatcond(1,3)(11)
Mensaje X / 00:00:00:057 / heatcond(02) / neighborchange /     59.52381 para heatcond(1,4)(12)
Mensaje D / 00:00:00:057 / heatcond(1,0)(08) / ... para heatcond(02)
Mensaje D / 00:00:00:057 / heatcond(1,1)(09) / ... para heatcond(02)
Mensaje D / 00:00:00:057 / heatcond(1,2)(10) / 00:00:00:001 para heatcond(02)
Mensaje D / 00:00:00:057 / heatcond(1,3)(11) / ... para heatcond(02)
Mensaje D / 00:00:00:057 / heatcond(1,4)(12) / ... para heatcond(02)
Mensaje D / 00:00:00:057 / heatcond(02) / 00:00:00:001 para top(01)
Mensaje D / 00:00:00:057 / top(01) / 00:00:00:001 para Root(00)
Mensaje * / 00:00:00:058 / Root(00) para top(01)
Mensaje * / 00:00:00:058 / top(01) para heatcond(02)
Mensaje * / 00:00:00:058 / heatcond(02) para heatcond(1,2)(10)
Mensaje Y / 00:00:00:058 / heatcond(1,2)(10) / out /    125.39682 para heatcond(02)
Mensaje D / 00:00:00:058 / heatcond(1,2)(10) / ... para heatcond(02)
Mensaje X / 00:00:00:058 / heatcond(02) / neighborchange /    125.39682 para heatcond(1,1)(09)
Mensaje X / 00:00:00:058 / heatcond(02) / neighborchange /    125.39682 para heatcond(1,2)(10)
Mensaje X / 00:00:00:058 / heatcond(02) / neighborchange /    125.39682 para heatcond(1,3)(11)
Mensaje D / 00:00:00:058 / heatcond(1,1)(09) / 00:00:00:001 para heatcond(02)
Mensaje D / 00:00:00:058 / heatcond(1,2)(10) / ... para heatcond(02)
Mensaje D / 00:00:00:058 / heatcond(1,3)(11) / 00:00:00:001 para heatcond(02)
Mensaje D / 00:00:00:058 / heatcond(02) / 00:00:00:001 para top(01)
Mensaje D / 00:00:00:058 / top(01) / 00:00:00:001 para Root(00)
Mensaje * / 00:00:00:059 / Root(00) para top(01)
Mensaje * / 00:00:00:059 / top(01) para heatcond(02)
Mensaje * / 00:00:00:059 / heatcond(02) para heatcond(1,1)(09)
Mensaje * / 00:00:00:059 / heatcond(02) para heatcond(1,3)(11)
Mensaje Y / 00:00:00:059 / heatcond(1,1)(09) / out /    323.01588 para heatcond(02)
Mensaje D / 00:00:00:059 / heatcond(1,1)(09) / ... para heatcond(02)
Mensaje Y / 00:00:00:059 / heatcond(1,3)(11) / out /     59.52381 para heatcond(02)
Mensaje D / 00:00:00:059 / heatcond(1,3)(11) / ... para heatcond(02)
Mensaje X / 00:00:00:059 / heatcond(02) / neighborchange /    323.01588 para heatcond(1,0)(08)
Mensaje X / 00:00:00:059 / heatcond(02) / neighborchange /    323.01588 para heatcond(1,1)(09)
Mensaje X / 00:00:00:059 / heatcond(02) / neighborchange /    323.01588 para heatcond(1,2)(10)
Mensaje X / 00:00:00:059 / heatcond(02) / neighborchange /     59.52381 para heatcond(1,3)(11)
Mensaje X / 00:00:00:059 / heatcond(02) / neighborchange /     59.52381 para heatcond(1,4)(12)
Mensaje D / 00:00:00:059 / heatcond(1,0)(08) / ... para heatcond(02)
Mensaje D / 00:00:00:059 / heatcond(1,1)(09) / ... para heatcond(02)
Mensaje D / 00:00:00:059 / heatcond(1,2)(10) / 00:00:00:001 para heatcond(02)
Mensaje D / 00:00:00:059 / heatcond(1,3)(11) / ... para heatcond(02)
Mensaje D / 00:00:00:059 / heatcond(1,4)(12) / ... para heatcond(02)
Mensaje D / 00:00:00:059 / heatcond(02) / 00:00:00:001 para top(01)
Mensaje D / 00:00:00:059 / top(01) / 00:00:00:001 para Root(00)
Mensaje * / 00:00:00:060 / Root(00) para top(01)
Mensaje * / 00:00:00:060 / top(01) para heatcond(02)
Mensaje * / 00:00:00:060 / heatcond(02) para heatcond(1,2)(10)
Mensaje Y / 00:00:00:060 / heatcond(1,2)(10) / out /    125.39682 para heatcond(02)
Mensaje D / 00:00:00:060 / heatcond(1,2)(10) / ... para heatcond(02)
Mensaje X / 00:00:00:060 / heatcond(02) / neighborchange /    125.39682 para heatcond(1,1)(09)
Mensaje X / 00:00:00:060 / heatcond(02) / neighborchange /    125.39682 para heatcond(1,2)(10)
Mensaje X / 00:00:00:060 / heatcond(02) / neighborchange /    125.39682 para heatcond(1,3)(11)
Mensaje D / 00:00:00:060 / heatcond(1,1)(09) / 00:00:00:001 para heatcond(02)
Mensaje D / 00:00:00:060 / heatcond(1,2)(10) / ... para heatcond(02)
Mensaje D / 00:00:00:060 / heatcond(1,3)(11) / 00:00:00:001 para heatcond(02)
Mensaje D / 00:00:00:060 / heatcond(02) / 00:00:00:001 para top(01)
Mensaje D / 00:00:00:060 / top(01) / 00:00:00:001 para Root(00)
Mensaje * / 00:00:00:061 / Root(00) para top(01)
Mensaje * / 00:00:00:061 / top(01) para heatcond(02)
Mensaje * / 00:00:00:061 / heatcond(02) para heatcond(1,1)(09)
Mensaje * / 00:00:00:061 / heatcond(02) para heatcond(1,3)(11)
Mensaje Y / 00:00:00:061 / heatcond(1,1)(09) / out /    323.01588 para heatcond(02)
Mensaje D / 00:00:00:061 / heatcond(1,1)(09) / ... para heatcond(02)
Mensaje Y / 00:00:00:061 / heatcond(1,3)(11) / out /     59.52381 para heatcond(02)
Mensaje D / 00:00:00:061 / heatcond(1,3)(11) / ... para heatcond(02)
Mensaje X / 00:00:00:061 / heatcond(02) / neighborchange /    323.01588 para heatcond(1,0)(08)
Mensaje X / 00:00:00:061 / heatcond(02) / neighborchange /    323.01588 para heatcond(1,1)(09)
Mensaje X / 00:00:00:061 / heatcond(02) / neighborchange /    323.01588 para heatcond(1,2)(10)
Mensaje X / 00:00:00:061 / heatcond(02) / neighborchange /     59.52381 para heatcond(1,3)(11)
Mensaje X / 00:00:00:061 / heatcond(02) / neighborchange /     59.52381 para heatcond(1,4)(12)
Mensaje D / 00:00:00:061 / heatcond(1,0)(08) / ... para heatcond(02)
Mensaje D / 00:00:00:061 / heatcond(1,1)(09) / ... para heatcond(02)
Mensaje D / 00:00:00:061 / heatcond(1,2)(10) / 00:00:00:001 para heatcond(02)
Mensaje D / 00:00:00:061 / heatcond(1,3)(11) / ... para heatcond(02)
Mensaje D / 00:00:00:061 / heatcond(1,4)(12) / ... para heatcond(02)
Mensaje D / 00:00:00:061 / heatcond(02) / 00:00:00:001 para top(01)
Mensaje D / 00:00:00:061 / top(01) / 00:00:00:001 para Root(00)
Mensaje * / 00:00:00:062 / Root(00) para top(01)
Mensaje * / 00:00:00:062 / top(01) para heatcond(02)
Mensaje * / 00:00:00:062 / heatcond(02) para heatcond(1,2)(10)
Mensaje Y / 00:00:00:062 / heatcond(1,2)(10) / out /    125.39682 para heatcond(02)
Mensaje D / 00:00:00:062 / heatcond(1,2)(10) / ... para heatcond(02)
Mensaje X / 00:00:00:062 / heatcond(02) / neighborchange /    125.39682 para heatcond(1,1)(09)
Mensaje X / 00:00:00:062 / heatcond(02) / neighborchange /    125.39682 para heatcond(1,2)(10)
Mensaje X / 00:00:00:062 / heatcond(02) / neighborchange /    125.39682 para heatcond(1,3)(11)
Mensaje D / 00:00:00:062 / heatcond(1,1)(09) / 00:00:00:001 para heatcond(02)
Mensaje D / 00:00:00:062 / heatcond(1,2)(10) / ... para heatcond(02)
Mensaje D / 00:00:00:062 / heatcond(1,3)(11) / 00:00:00:001 para heatcond(02)
Mensaje D / 00:00:00:062 / heatcond(02) / 00:00:00:001 para top(01)
Mensaje D / 00:00:00:062 / top(01) / 00:00:00:001 para Root(00)
Mensaje * / 00:00:00:063 / Root(00) para top(01)
Mensaje * / 00:00:00:063 / top(01) para heatcond(02)
Mensaje * / 00:00:00:063 / heatcond(02) para heatcond(1,1)(09)
Mensaje * / 00:00:00:063 / heatcond(02) para heatcond(1,3)(11)
Mensaje Y / 00:00:00:063 / heatcond(1,1)(09) / out /    323.01588 para heatcond(02)
Mensaje D / 00:00:00:063 / heatcond(1,1)(09) / ... para heatcond(02)
Mensaje Y / 00:00:00:063 / heatcond(1,3)(11) / out /     59.52381 para heatcond(02)
Mensaje D / 00:00:00:063 / heatcond(1,3)(11) / ... para heatcond(02)
Mensaje X / 00:00:00:063 / heatcond(02) / neighborchange /    323.01588 para heatcond(1,0)(08)
Mensaje X / 00:00:00:063 / heatcond(02) / neighborchange /    323.01588 para heatcond(1,1)(09)
Mensaje X / 00:00:00:063 / heatcond(02) / neighborchange /    323.01588 para heatcond(1,2)(10)
Mensaje X / 00:00:00:063 / heatcond(02) / neighborchange /     59.52381 para heatcond(1,3)(11)
Mensaje X / 00:00:00:063 / heatcond(02) / neighborchange /     59.52381 para heatcond(1,4)(12)
Mensaje D / 00:00:00:063 / heatcond(1,0)(08) / ... para heatcond(02)
Mensaje D / 00:00:00:063 / heatcond(1,1)(09) / ... para heatcond(02)
Mensaje D / 00:00:00:063 / heatcond(1,2)(10) / 00:00:00:001 para heatcond(02)
Mensaje D / 00:00:00:063 / heatcond(1,3)(11) / ... para heatcond(02)
Mensaje D / 00:00:00:063 / heatcond(1,4)(12) / ... para heatcond(02)
Mensaje D / 00:00:00:063 / heatcond(02) / 00:00:00:001 para top(01)
Mensaje D / 00:00:00:063 / top(01) / 00:00:00:001 para Root(00)
Mensaje * / 00:00:00:064 / Root(00) para top(01)
Mensaje * / 00:00:00:064 / top(01) para heatcond(02)
Mensaje * / 00:00:00:064 / heatcond(02) para heatcond(1,2)(10)
Mensaje Y / 00:00:00:064 / heatcond(1,2)(10) / out /    125.39682 para heatcond(02)
Mensaje D / 00:00:00:064 / heatcond(1,2)(10) / ... para heatcond(02)
Mensaje X / 00:00:00:064 / heatcond(02) / neighborchange /    125.39682 para heatcond(1,1)(09)
Mensaje X / 00:00:00:064 / heatcond(02) / neighborchange /    125.39682 para heatcond(1,2)(10)
Mensaje X / 00:00:00:064 / heatcond(02) / neighborchange /    125.39682 para heatcond(1,3)(11)
Mensaje D / 00:00:00:064 / heatcond(1,1)(09) / 00:00:00:001 para heatcond(02)
Mensaje D / 00:00:00:064 / heatcond(1,2)(10) / ... para heatcond(02)
Mensaje D / 00:00:00:064 / heatcond(1,3)(11) / 00:00:00:001 para heatcond(02)
Mensaje D / 00:00:00:064 / heatcond(02) / 00:00:00:001 para top(01)
Mensaje D / 00:00:00:064 / top(01) / 00:00:00:001 para Root(00)
Mensaje * / 00:00:00:065 / Root(00) para top(01)
Mensaje * / 00:00:00:065 / top(01) para heatcond(02)
Mensaje * / 00:00:00:065 / heatcond(02) para heatcond(1,1)(09)
Mensaje * / 00:00:00:065 / heatcond(02) para heatcond(1,3)(11)
Mensaje Y / 00:00:00:065 / heatcond(1,1)(09) / out /    323.01588 para heatcond(02)
Mensaje D / 00:00:00:065 / heatcond(1,1)(09) / ... para heatcond(02)
Mensaje Y / 00:00:00:065 / heatcond(1,3)(11) / out /     59.52381 para heatcond(02)
Mensaje D / 00:00:00:065 / heatcond(1,3)(11) / ... para heatcond(02)
Mensaje X / 00:00:00:065 / heatcond(02) / neighborchange /    323.01588 para heatcond(1,0)(08)
Mensaje X / 00:00:00:065 / heatcond(02) / neighborchange /    323.01588 para heatcond(1,1)(09)
Mensaje X / 00:00:00:065 / heatcond(02) / neighborchange /    323.01588 para heatcond(1,2)(10)
Mensaje X / 00:00:00:065 / heatcond(02) / neighborchange /     59.52381 para heatcond(1,3)(11)
Mensaje X / 00:00:00:065 / heatcond(02) / neighborchange /     59.52381 para heatcond(1,4)(12)
Mensaje D / 00:00:00:065 / heatcond(1,0)(08) / ... para heatcond(02)
Mensaje D / 00:00:00:065 / heatcond(1,1)(09) / ... para heatcond(02)
Mensaje D / 00:00:00:065 / heatcond(1,2)(10) / 00:00:00:001 para heatcond(02)
Mensaje D / 00:00:00:065 / heatcond(1,3)(11) / ... para heatcond(02)
Mensaje D / 00:00:00:065 / heatcond(1,4)(12) / ... para heatcond(02)
Mensaje D / 00:00:00:065 / heatcond(02) / 00:00:00:001 para top(01)
Mensaje D / 00:00:00:065 / top(01) / 00:00:00:001 para Root(00)
Mensaje * / 00:00:00:066 / Root(00) para top(01)
Mensaje * / 00:00:00:066 / top(01) para heatcond(02)
Mensaje * / 00:00:00:066 / heatcond(02) para heatcond(1,2)(10)
Mensaje Y / 00:00:00:066 / heatcond(1,2)(10) / out /    125.39682 para heatcond(02)
Mensaje D / 00:00:00:066 / heatcond(1,2)(10) / ... para heatcond(02)
Mensaje X / 00:00:00:066 / heatcond(02) / neighborchange /    125.39682 para heatcond(1,1)(09)
Mensaje X / 00:00:00:066 / heatcond(02) / neighborchange /    125.39682 para heatcond(1,2)(10)
Mensaje X / 00:00:00:066 / heatcond(02) / neighborchange /    125.39682 para heatcond(1,3)(11)
Mensaje D / 00:00:00:066 / heatcond(1,1)(09) / 00:00:00:001 para heatcond(02)
Mensaje D / 00:00:00:066 / heatcond(1,2)(10) / ... para heatcond(02)
Mensaje D / 00:00:00:066 / heatcond(1,3)(11) / 00:00:00:001 para heatcond(02)
Mensaje D / 00:00:00:066 / heatcond(02) / 00:00:00:001 para top(01)
Mensaje D / 00:00:00:066 / top(01) / 00:00:00:001 para Root(00)
Mensaje * / 00:00:00:067 / Root(00) para top(01)
Mensaje * / 00:00:00:067 / top(01) para heatcond(02)
Mensaje * / 00:00:00:067 / heatcond(02) para heatcond(1,1)(09)
Mensaje * / 00:00:00:067 / heatcond(02) para heatcond(1,3)(11)
Mensaje Y / 00:00:00:067 / heatcond(1,1)(09) / out /    323.01588 para heatcond(02)
Mensaje D / 00:00:00:067 / heatcond(1,1)(09) / ... para heatcond(02)
Mensaje Y / 00:00:00:067 / heatcond(1,3)(11) / out /     59.52381 para heatcond(02)
Mensaje D / 00:00:00:067 / heatcond(1,3)(11) / ... para heatcond(02)
Mensaje X / 00:00:00:067 / heatcond(02) / neighborchange /    323.01588 para heatcond(1,0)(08)
Mensaje X / 00:00:00:067 / heatcond(02) / neighborchange /    323.01588 para heatcond(1,1)(09)
Mensaje X / 00:00:00:067 / heatcond(02) / neighborchange /    323.01588 para heatcond(1,2)(10)
Mensaje X / 00:00:00:067 / heatcond(02) / neighborchange /     59.52381 para heatcond(1,3)(11)
Mensaje X / 00:00:00:067 / heatcond(02) / neighborchange /     59.52381 para heatcond(1,4)(12)
Mensaje D / 00:00:00:067 / heatcond(1,0)(08) / ... para heatcond(02)
Mensaje D / 00:00:00:067 / heatcond(1,1)(09) / ... para heatcond(02)
Mensaje D / 00:00:00:067 / heatcond(1,2)(10) / 00:00:00:001 para heatcond(02)
Mensaje D / 00:00:00:067 / heatcond(1,3)(11) / ... para heatcond(02)
Mensaje D / 00:00:00:067 / heatcond(1,4)(12) / ... para heatcond(02)
Mensaje D / 00:00:00:067 / heatcond(02) / 00:00:00:001 para top(01)
Mensaje D / 00:00:00:067 / top(01) / 00:00:00:001 para Root(00)
Mensaje * / 00:00:00:068 / Root(00) para top(01)
Mensaje * / 00:00:00:068 / top(01) para heatcond(02)
Mensaje * / 00:00:00:068 / heatcond(02) para heatcond(1,2)(10)
Mensaje Y / 00:00:00:068 / heatcond(1,2)(10) / out /    125.39682 para heatcond(02)
Mensaje D / 00:00:00:068 / heatcond(1,2)(10) / ... para heatcond(02)
Mensaje X / 00:00:00:068 / heatcond(02) / neighborchange /    125.39682 para heatcond(1,1)(09)
Mensaje X / 00:00:00:068 / heatcond(02) / neighborchange /    125.39682 para heatcond(1,2)(10)
Mensaje X / 00:00:00:068 / heatcond(02) / neighborchange /    125.39682 para heatcond(1,3)(11)
Mensaje D / 00:00:00:068 / heatcond(1,1)(09) / 00:00:00:001 para heatcond(02)
Mensaje D / 00:00:00:068 / heatcond(1,2)(10) / ... para heatcond(02)
Mensaje D / 00:00:00:068 / heatcond(1,3)(11) / ... para heatcond(02)
Mensaje D / 00:00:00:068 / heatcond(02) / 00:00:00:001 para top(01)
Mensaje D / 00:00:00:068 / top(01) / 00:00:00:001 para Root(00)
Mensaje * / 00:00:00:069 / Root(00) para top(01)
Mensaje * / 00:00:00:069 / top(01) para heatcond(02)
Mensaje * / 00:00:00:069 / heatcond(02) para heatcond(1,1)(09)
Mensaje Y / 00:00:00:069 / heatcond(1,1)(09) / out /    323.01588 para heatcond(02)
Mensaje D / 00:00:00:069 / heatcond(1,1)(09) / ... para heatcond(02)
Mensaje X / 00:00:00:069 / heatcond(02) / neighborchange /    323.01588 para heatcond(1,0)(08)
Mensaje X / 00:00:00:069 / heatcond(02) / neighborchange /    323.01588 para heatcond(1,1)(09)
Mensaje X / 00:00:00:069 / heatcond(02) / neighborchange /    323.01588 para heatcond(1,2)(10)
Mensaje D / 00:00:00:069 / heatcond(1,0)(08) / ... para heatcond(02)
Mensaje D / 00:00:00:069 / heatcond(1,1)(09) / ... para heatcond(02)
Mensaje D / 00:00:00:069 / heatcond(1,2)(10) / ... para heatcond(02)
Mensaje D / 00:00:00:069 / heatcond(02) / ... para top(01)
Mensaje D / 00:00:00:069 / top(01) / ... para Root(00)
